SF:app\__init__.py
end_of_record
SF:app\active\__init__.py
DA:11,1
LF:1
LH:1
end_of_record
SF:app\active\bundles.py
DA:16,1
DA:17,1
DA:18,1
DA:19,1
DA:20,1
DA:22,1
DA:23,1
DA:24,1
DA:26,1
DA:29,1
DA:32,1
DA:33,0
DA:35,1
DA:51,0
DA:53,0
DA:55,0
DA:56,0
DA:57,0
DA:60,0
DA:61,0
DA:64,0
DA:66,0
DA:68,0
DA:70,1
DA:86,0
DA:88,0
DA:89,0
DA:92,0
DA:95,0
DA:96,0
DA:99,0
DA:111,0
DA:112,0
DA:114,0
DA:116,0
DA:118,1
DA:131,0
DA:133,0
DA:134,0
DA:136,0
DA:137,0
DA:140,0
DA:141,0
DA:142,0
DA:143,0
DA:145,0
DA:147,0
DA:151,1
DA:162,0
DA:164,0
DA:165,0
DA:167,0
DA:168,0
DA:170,0
DA:171,0
DA:172,0
DA:175,0
DA:178,0
DA:179,0
DA:181,0
DA:184,0
DA:185,0
DA:186,0
DA:188,0
DA:190,1
DA:196,0
DA:198,0
DA:199,0
DA:201,0
DA:203,0
DA:205,1
DA:207,0
DA:209,0
DA:215,0
DA:216,0
DA:218,1
DA:220,0
DA:221,0
DA:223,0
DA:224,0
DA:226,0
DA:228,1
DA:230,0
DA:231,0
DA:233,0
DA:234,0
DA:236,0
DA:238,1
DA:240,0
DA:241,0
DA:243,0
DA:244,0
DA:246,0
DA:248,1
DA:250,0
DA:252,0
DA:253,0
DA:254,0
DA:256,0
DA:258,0
DA:260,0
DA:261,0
DA:262,0
DA:264,0
DA:269,0
DA:271,0
DA:272,0
DA:274,1
DA:276,0
DA:278,0
DA:280,0
DA:281,0
DA:282,0
DA:284,0
DA:289,0
DA:291,0
DA:292,0
DA:294,1
DA:301,0
DA:303,0
DA:305,0
DA:306,0
DA:307,0
DA:309,0
DA:314,0
DA:317,0
DA:318,0
DA:320,0
DA:321,0
DA:322,0
DA:324,0
DA:329,0
DA:331,0
DA:332,0
DA:334,1
DA:340,0
DA:347,0
LF:137
LH:24
FN:32,33,BundleManager.__init__
FNDA:0,BundleManager.__init__
FN:35,68,BundleManager.create_bundle
FNDA:0,BundleManager.create_bundle
FN:70,116,BundleManager.propose_bundle
FNDA:0,BundleManager.propose_bundle
FN:118,147,BundleManager.approve_bundle
FNDA:0,BundleManager.approve_bundle
FN:151,188,BundleManager.apply_approved_bundle
FNDA:0,BundleManager.apply_approved_bundle
FN:190,203,BundleManager.rollback_bundle
FNDA:0,BundleManager.rollback_bundle
FN:205,216,BundleManager._save_bundle
FNDA:0,BundleManager._save_bundle
FN:218,226,BundleManager._load_bundle
FNDA:0,BundleManager._load_bundle
FN:228,236,BundleManager._load_active_bundle
FNDA:0,BundleManager._load_active_bundle
FN:238,246,BundleManager._load_backup_bundle
FNDA:0,BundleManager._load_backup_bundle
FN:248,272,BundleManager._backup_active_bundle
FNDA:0,BundleManager._backup_active_bundle
FN:274,292,BundleManager._apply_bundle
FNDA:0,BundleManager._apply_bundle
FN:294,332,BundleManager._apply_as_canary
FNDA:0,BundleManager._apply_as_canary
FN:334,357,BundleManager.list_pending_approvals
FNDA:0,BundleManager.list_pending_approvals
FNF:14
FNH:0
end_of_record
SF:app\active\feeds.py
DA:10,1
DA:11,1
DA:12,1
DA:14,1
DA:15,1
DA:17,1
DA:18,1
DA:19,1
DA:21,1
DA:24,1
DA:27,1
DA:33,0
DA:35,1
DA:49,0
DA:50,0
DA:53,0
DA:60,0
DA:61,0
DA:63,0
DA:68,0
DA:69,0
DA:72,0
DA:73,0
DA:75,0
DA:78,0
DA:90,0
DA:91,0
DA:93,0
DA:94,0
DA:95,0
DA:97,0
DA:99,1
DA:116,0
DA:117,0
DA:120,0
DA:127,0
DA:128,0
DA:130,0
DA:131,0
DA:133,0
DA:135,0
DA:136,0
DA:137,0
DA:138,0
DA:140,0
DA:143,0
DA:146,0
DA:151,0
DA:152,0
DA:154,0
DA:171,0
DA:172,0
DA:174,0
DA:175,0
DA:176,0
DA:178,0
DA:180,1
DA:195,0
DA:196,0
DA:197,0
DA:199,0
DA:201,0
DA:202,0
DA:204,0
DA:209,0
DA:210,0
DA:213,0
DA:225,0
DA:226,0
DA:228,0
DA:229,0
DA:230,0
DA:232,0
DA:234,1
DA:240,0
DA:243,0
DA:244,0
DA:245,0
DA:246,0
DA:249,0
DA:250,0
DA:251,0
DA:252,0
DA:253,0
DA:256,0
DA:257,0
DA:261,0
DA:269,1
DA:278,0
DA:280,0
DA:286,0
DA:287,0
LF:92
LH:16
FN:27,33,FeedLoader.__init__
FNDA:0,FeedLoader.__init__
FN:35,97,FeedLoader.load_from_approvals
FNDA:0,FeedLoader.load_from_approvals
FN:99,178,FeedLoader.load_from_feedback
FNDA:0,FeedLoader.load_from_feedback
FN:180,232,FeedLoader.load_from_goldsets
FNDA:0,FeedLoader.load_from_goldsets
FN:234,266,FeedLoader.get_stats
FNDA:0,FeedLoader.get_stats
FN:269,287,load_all_feeds
FNDA:0,load_all_feeds
FNF:6
FNH:0
end_of_record
SF:app\active\guards.py
DA:16,1
DA:17,1
DA:18,1
DA:20,1
DA:21,1
DA:22,1
DA:24,1
DA:27,1
DA:30,1
DA:31,0
DA:32,0
DA:33,0
DA:35,1
DA:44,0
DA:47,0
DA:54,0
DA:56,0
DA:57,0
DA:58,0
DA:62,0
DA:63,0
DA:64,0
DA:65,0
DA:67,0
DA:69,1
DA:91,0
DA:97,0
DA:98,0
DA:104,0
DA:113,0
DA:114,0
DA:116,0
DA:117,0
DA:126,0
DA:134,1
DA:146,0
DA:148,0
DA:149,0
DA:150,0
DA:152,0
DA:154,0
DA:157,0
DA:159,0
DA:162,0
DA:164,0
DA:166,1
DA:173,0
DA:175,0
DA:177,1
DA:193,0
DA:195,0
DA:196,0
DA:197,0
DA:200,0
DA:202,0
DA:203,0
DA:204,0
DA:210,0
DA:211,0
DA:218,0
DA:219,0
DA:220,0
DA:221,0
DA:222,0
DA:224,0
DA:225,0
DA:226,0
DA:234,0
DA:240,1
DA:246,0
DA:249,0
DA:255,0
DA:256,0
DA:257,0
DA:259,0
DA:260,0
DA:262,0
DA:264,0
DA:265,0
DA:266,0
DA:267,0
DA:268,0
DA:269,0
DA:270,0
DA:271,0
DA:273,0
DA:275,1
DA:277,0
DA:278,0
DA:280,0
DA:281,0
DA:283,0
DA:284,0
DA:286,1
DA:288,0
DA:289,0
DA:291,0
DA:292,0
DA:294,0
DA:296,1
DA:298,0
DA:299,0
DA:301,0
DA:302,0
DA:303,0
DA:305,0
DA:310,0
DA:312,0
DA:314,1
DA:317,0
DA:320,0
DA:321,0
DA:323,0
DA:324,0
DA:325,0
LF:115
LH:19
FN:30,33,OnlineLearningGuard.__init__
FNDA:0,OnlineLearningGuard.__init__
FN:35,67,OnlineLearningGuard.auto_apply_approved_bundles
FNDA:0,OnlineLearningGuard.auto_apply_approved_bundles
FN:69,132,OnlineLearningGuard.check_canary_performance
FNDA:0,OnlineLearningGuard.check_canary_performance
FN:134,164,OnlineLearningGuard.promote_canary
FNDA:0,OnlineLearningGuard.promote_canary
FN:166,175,OnlineLearningGuard.rollback_canary
FNDA:0,OnlineLearningGuard.rollback_canary
FN:177,238,OnlineLearningGuard.gradual_rollout
FNDA:0,OnlineLearningGuard.gradual_rollout
FN:240,273,OnlineLearningGuard.nightly_guard_check
FNDA:0,OnlineLearningGuard.nightly_guard_check
FN:275,284,OnlineLearningGuard._load_canary_bundle
FNDA:0,OnlineLearningGuard._load_canary_bundle
FN:286,294,OnlineLearningGuard._get_canary_percent
FNDA:0,OnlineLearningGuard._get_canary_percent
FN:296,312,OnlineLearningGuard._update_canary_percent
FNDA:0,OnlineLearningGuard._update_canary_percent
FN:314,325,OnlineLearningGuard._clear_canary
FNDA:0,OnlineLearningGuard._clear_canary
FNF:11
FNH:0
end_of_record
SF:app\active\heur_trainer.py
DA:13,1
DA:14,1
DA:15,1
DA:16,1
DA:17,1
DA:19,1
DA:20,1
DA:21,1
DA:22,1
DA:24,1
DA:26,1
DA:29,1
DA:32,1
DA:33,1
DA:45,0
DA:55,1
DA:56,1
DA:66,0
DA:74,1
DA:75,1
DA:84,0
DA:91,1
DA:92,1
DA:94,0
DA:100,0
DA:101,0
DA:102,0
DA:103,0
DA:105,0
DA:108,1
DA:111,1
DA:112,0
DA:113,0
DA:115,1
DA:132,0
DA:134,0
DA:135,0
DA:136,0
DA:139,0
DA:140,0
DA:142,0
DA:143,0
DA:144,0
DA:145,0
DA:147,0
DA:148,0
DA:150,0
DA:151,0
DA:152,0
DA:154,0
DA:157,0
DA:160,0
DA:161,0
DA:162,0
DA:163,0
DA:165,0
DA:167,0
DA:170,0
DA:172,0
DA:174,0
DA:176,1
DA:186,0
DA:187,0
DA:190,0
DA:191,0
DA:192,0
DA:193,0
DA:195,0
DA:198,0
DA:201,0
DA:203,0
DA:216,1
DA:223,0
DA:225,0
DA:226,0
DA:227,0
DA:231,0
DA:232,0
DA:233,0
DA:235,0
DA:237,0
DA:242,0
DA:243,0
DA:244,0
DA:245,0
DA:248,0
DA:249,0
DA:250,0
DA:252,0
DA:254,0
DA:259,0
DA:260,0
DA:261,0
DA:262,0
DA:265,0
DA:266,0
DA:267,0
DA:269,0
DA:271,0
DA:277,0
DA:279,1
DA:290,0
DA:291,0
DA:299,0
DA:300,0
DA:302,0
DA:303,0
DA:304,0
DA:307,0
DA:308,0
DA:309,0
DA:310,0
DA:311,0
DA:312,0
DA:313,0
DA:321,0
DA:322,0
DA:323,0
DA:325,0
DA:327,0
LF:120
LH:26
FN:33,53,FeatureExtractor.extract_inbox_triage
FNDA:0,FeatureExtractor.extract_inbox_triage
FN:56,72,FeatureExtractor.extract_insights_writer
FNDA:0,FeatureExtractor.extract_insights_writer
FN:75,89,FeatureExtractor.extract_knowledge_update
FNDA:0,FeatureExtractor.extract_knowledge_update
FN:92,105,FeatureExtractor.extract_for_agent
FNDA:0,FeatureExtractor.extract_for_agent
FN:111,113,HeuristicTrainer.__init__
FNDA:0,HeuristicTrainer.__init__
FN:115,174,HeuristicTrainer.train_for_agent
FNDA:0,HeuristicTrainer.train_for_agent
FN:176,214,HeuristicTrainer._generate_bundle
FNDA:0,HeuristicTrainer._generate_bundle
FN:216,277,HeuristicTrainer._extract_thresholds
FNDA:0,HeuristicTrainer._extract_thresholds
FN:279,334,HeuristicTrainer.generate_diff
FNDA:0,HeuristicTrainer.generate_diff
FNF:9
FNH:0
end_of_record
SF:app\active\sampler.py
DA:14,1
DA:15,1
DA:16,1
DA:17,1
DA:18,1
DA:20,1
DA:22,1
DA:23,1
DA:25,1
DA:28,1
DA:31,1
DA:32,0
DA:34,1
DA:48,0
DA:49,0
DA:51,0
DA:52,0
DA:53,0
DA:55,0
DA:56,0
DA:57,0
DA:58,0
DA:60,0
DA:61,0
DA:62,0
DA:63,0
DA:65,0
DA:66,0
DA:69,0
DA:70,0
DA:72,0
DA:73,0
DA:74,0
DA:75,0
DA:77,0
DA:80,0
DA:81,0
DA:82,0
DA:83,0
DA:86,0
DA:90,0
DA:92,0
DA:94,1
DA:112,0
DA:115,0
DA:125,0
DA:126,0
DA:127,0
DA:130,0
DA:138,0
DA:139,0
DA:140,0
DA:143,0
DA:145,0
DA:146,0
DA:147,0
DA:150,0
DA:151,0
DA:152,0
DA:154,0
DA:156,0
DA:157,0
DA:169,0
DA:172,0
DA:174,0
DA:179,0
DA:181,1
DA:193,0
DA:199,0
DA:201,0
DA:202,0
DA:203,0
DA:204,0
DA:210,0
DA:211,0
DA:212,0
DA:213,0
DA:215,0
DA:217,1
DA:224,0
DA:226,0
DA:229,0
DA:232,0
DA:233,0
DA:235,0
DA:236,0
DA:241,0
DA:246,0
DA:248,0
DA:256,1
DA:264,0
DA:266,0
DA:267,0
DA:273,0
DA:274,0
DA:276,0
DA:277,0
DA:279,0
LF:98
LH:16
FN:31,32,UncertaintySampler.__init__
FNDA:0,UncertaintySampler.__init__
FN:34,92,UncertaintySampler.calculate_uncertainty
FNDA:0,UncertaintySampler.calculate_uncertainty
FN:94,179,UncertaintySampler.sample_for_review
FNDA:0,UncertaintySampler.sample_for_review
FN:181,215,UncertaintySampler.sample_all_agents
FNDA:0,UncertaintySampler.sample_all_agents
FN:217,253,UncertaintySampler.get_review_queue_stats
FNDA:0,UncertaintySampler.get_review_queue_stats
FN:256,279,daily_sample_review_queue
FNDA:0,daily_sample_review_queue
FNF:6
FNH:0
end_of_record
SF:app\active\weights.py
DA:14,1
DA:15,1
DA:16,1
DA:17,1
DA:18,1
DA:20,1
DA:22,1
DA:23,1
DA:24,1
DA:26,1
DA:29,1
DA:32,1
DA:33,0
DA:35,1
DA:51,0
DA:54,0
DA:64,0
DA:65,0
DA:66,0
DA:69,0
DA:80,0
DA:83,0
DA:90,0
DA:91,0
DA:92,0
DA:94,0
DA:97,0
DA:98,0
DA:99,0
DA:101,0
DA:102,0
DA:103,0
DA:105,0
DA:106,0
DA:107,0
DA:108,0
DA:109,0
DA:112,0
DA:113,0
DA:115,0
DA:116,0
DA:118,0
DA:119,0
DA:122,0
DA:128,0
DA:129,0
DA:132,0
DA:135,0
DA:136,0
DA:139,0
DA:140,0
DA:142,0
DA:144,0
DA:152,0
DA:154,0
DA:156,1
DA:158,0
DA:165,1
DA:167,0
DA:169,0
DA:171,0
DA:172,0
DA:173,0
DA:175,0
DA:180,0
DA:182,0
DA:183,0
DA:185,1
DA:194,0
DA:195,0
DA:197,0
DA:198,0
DA:199,0
DA:200,0
DA:201,0
DA:203,0
DA:205,1
DA:212,0
DA:218,0
DA:220,0
DA:221,0
DA:222,0
DA:223,0
DA:224,0
DA:225,0
DA:226,0
DA:227,0
DA:229,0
DA:232,1
DA:237,0
DA:239,0
DA:240,0
DA:242,0
DA:244,0
DA:245,0
DA:247,0
LF:96
LH:18
FN:32,33,JudgeWeights.__init__
FNDA:0,JudgeWeights.__init__
FN:35,154,JudgeWeights.update_weights_for_agent
FNDA:0,JudgeWeights.update_weights_for_agent
FN:156,163,JudgeWeights._get_default_weights
FNDA:0,JudgeWeights._get_default_weights
FN:165,183,JudgeWeights._save_weights
FNDA:0,JudgeWeights._save_weights
FN:185,203,JudgeWeights.get_weights
FNDA:0,JudgeWeights.get_weights
FN:205,229,JudgeWeights.update_all_agents
FNDA:0,JudgeWeights.update_all_agents
FN:232,247,nightly_update_weights
FNDA:0,nightly_update_weights
FNF:7
FNH:0
end_of_record
SF:app\agents\__init__.py
DA:3,1
DA:4,1
DA:5,1
DA:6,1
DA:8,1
LF:5
LH:5
end_of_record
SF:app\agents\audit.py
DA:6,1
DA:8,1
DA:9,1
DA:10,1
DA:12,1
DA:14,1
DA:15,1
DA:16,1
DA:19,1
DA:26,1
DA:32,0
DA:33,0
DA:35,1
DA:41,0
DA:42,0
DA:43,0
DA:45,1
DA:64,0
DA:65,0
DA:67,0
DA:68,0
DA:71,0
DA:72,0
DA:73,0
DA:75,0
DA:86,0
DA:87,0
DA:88,0
DA:90,0
DA:92,1
DA:109,0
DA:110,0
DA:112,0
DA:113,0
DA:115,0
DA:116,0
DA:117,0
DA:118,0
DA:120,0
DA:121,0
DA:122,0
DA:123,0
DA:124,0
DA:126,0
DA:127,0
DA:128,0
DA:130,1
DA:139,0
DA:140,0
DA:142,0
DA:143,0
DA:144,0
DA:145,0
DA:146,0
DA:148,1
DA:162,0
DA:163,0
DA:165,0
DA:166,0
DA:167,0
DA:169,0
DA:170,0
DA:172,0
DA:173,0
DA:174,0
DA:178,1
DA:181,1
DA:188,0
DA:189,0
DA:190,0
DA:193,1
DA:200,0
LF:72
LH:18
FN:26,33,AgentAuditor.__init__
FNDA:0,AgentAuditor.__init__
FN:35,43,AgentAuditor._get_session
FNDA:0,AgentAuditor._get_session
FN:45,90,AgentAuditor.log_start
FNDA:0,AgentAuditor.log_start
FN:92,128,AgentAuditor.log_finish
FNDA:0,AgentAuditor.log_finish
FN:130,146,AgentAuditor.get_run
FNDA:0,AgentAuditor.get_run
FN:148,174,AgentAuditor.get_recent_runs
FNDA:0,AgentAuditor.get_recent_runs
FN:181,190,get_auditor
FNDA:0,get_auditor
FN:193,200,set_auditor
FNDA:0,set_auditor
FNF:8
FNH:0
end_of_record
SF:app\agents\core.py
DA:3,1
DA:5,1
DA:6,1
DA:9,1
DA:10,1
DA:20,1
DA:21,1
DA:22,1
DA:23,1
LF:9
LH:9
end_of_record
SF:app\agents\executor.py
DA:3,1
DA:5,1
DA:6,1
DA:7,1
DA:8,1
DA:10,1
DA:11,1
DA:12,1
DA:13,1
DA:14,1
DA:15,1
DA:18,1
DA:30,1
DA:45,0
DA:46,0
DA:47,0
DA:48,0
DA:49,0
DA:51,0
DA:54,0
DA:55,0
DA:57,0
DA:60,0
DA:62,1
DA:88,0
DA:89,0
DA:90,0
DA:91,0
DA:94,0
DA:96,0
DA:110,0
DA:113,0
DA:114,0
DA:119,0
DA:122,0
DA:123,0
DA:135,0
DA:136,0
DA:145,0
DA:148,0
DA:149,0
DA:150,0
DA:152,0
DA:160,0
DA:161,0
DA:164,0
DA:175,0
DA:179,0
DA:181,0
DA:182,0
DA:185,0
DA:186,0
DA:192,0
DA:193,0
DA:198,0
DA:202,0
DA:203,0
DA:210,0
DA:212,0
DA:214,0
DA:218,0
DA:219,0
DA:220,0
DA:221,0
DA:224,0
DA:225,0
DA:231,0
DA:232,0
DA:233,0
DA:234,0
DA:235,0
DA:236,0
DA:237,0
DA:238,0
DA:240,0
DA:244,0
DA:246,0
DA:253,0
DA:254,0
DA:267,0
DA:268,0
DA:276,0
DA:281,0
DA:282,0
DA:283,0
DA:285,0
DA:292,0
DA:293,0
DA:306,0
DA:307,0
DA:315,0
DA:321,0
LF:92
LH:14
FN:30,60,Executor.__init__
FNDA:0,Executor.__init__
FN:62,321,Executor.execute
FNDA:0,Executor.execute
FNF:2
FNH:0
end_of_record
SF:app\agents\guardrails.py
DA:11,1
DA:12,1
DA:15,1
DA:18,1
DA:19,0
DA:20,0
DA:21,0
DA:22,0
DA:25,1
DA:31,1
DA:37,0
DA:39,1
DA:66,0
DA:69,0
DA:70,0
DA:82,0
DA:84,0
DA:86,1
DA:110,0
DA:111,0
DA:122,0
DA:125,0
DA:128,0
DA:129,0
DA:130,0
DA:131,0
DA:141,0
DA:142,0
DA:143,0
DA:144,0
DA:154,1
DA:171,0
DA:180,0
DA:182,0
DA:183,0
DA:184,0
DA:194,1
DA:210,0
DA:212,0
DA:213,0
DA:215,0
DA:218,1
DA:227,0
LF:43
LH:11
FN:18,22,GuardrailViolation.__init__
FNDA:0,GuardrailViolation.__init__
FN:31,37,ExecutionGuardrails.__init__
FNDA:0,ExecutionGuardrails.__init__
FN:39,84,ExecutionGuardrails.validate_pre_execution
FNDA:0,ExecutionGuardrails.validate_pre_execution
FN:86,152,ExecutionGuardrails.validate_post_execution
FNDA:0,ExecutionGuardrails.validate_post_execution
FN:154,192,ExecutionGuardrails._validate_required_params
FNDA:0,ExecutionGuardrails._validate_required_params
FN:194,215,ExecutionGuardrails.check_approval_required
FNDA:0,ExecutionGuardrails.check_approval_required
FN:218,227,create_guardrails
FNDA:0,create_guardrails
FNF:7
FNH:0
end_of_record
SF:app\agents\inbox_triage.py
DA:8,0
DA:10,0
DA:11,0
DA:12,0
DA:15,0
DA:28,0
DA:35,0
DA:40,0
DA:41,0
DA:51,0
DA:52,0
DA:54,0
DA:55,0
DA:56,0
DA:57,0
DA:60,0
DA:62,0
DA:63,0
DA:64,0
DA:65,0
DA:68,0
DA:69,0
DA:70,0
DA:73,0
DA:74,0
DA:75,0
DA:76,0
DA:77,0
DA:80,0
DA:81,0
DA:82,0
DA:84,0
DA:85,0
DA:86,0
DA:89,0
DA:90,0
DA:91,0
DA:92,0
DA:94,0
DA:95,0
DA:98,0
DA:99,0
DA:100,0
DA:101,0
DA:102,0
DA:103,0
DA:104,0
DA:105,0
DA:107,0
DA:109,0
DA:116,0
DA:117,0
DA:119,0
DA:120,0
DA:121,0
DA:122,0
DA:123,0
DA:124,0
DA:126,0
DA:129,0
DA:145,0
DA:147,0
DA:149,0
DA:151,0
DA:153,0
DA:166,0
DA:168,0
DA:169,0
DA:170,0
DA:171,0
DA:173,0
DA:179,0
DA:180,0
DA:182,0
DA:183,0
DA:185,0
DA:187,0
DA:198,0
DA:205,0
DA:206,0
DA:207,0
DA:208,0
DA:209,0
DA:212,0
DA:215,0
DA:216,0
DA:218,0
DA:221,0
DA:222,0
DA:223,0
DA:224,0
DA:233,0
DA:241,0
DA:242,0
DA:245,0
DA:246,0
DA:247,0
DA:248,0
DA:251,0
DA:257,0
DA:262,0
DA:265,0
DA:266,0
DA:267,0
DA:268,0
DA:270,0
DA:276,0
DA:281,0
DA:282,0
DA:285,0
DA:292,0
DA:300,0
DA:305,0
DA:308,0
DA:313,0
DA:325,0
DA:339,0
DA:348,0
DA:349,0
DA:350,0
DA:351,0
DA:353,0
DA:354,0
DA:355,0
DA:356,0
DA:357,0
DA:360,0
DA:361,0
DA:362,0
DA:363,0
DA:364,0
DA:366,0
DA:367,0
DA:368,0
DA:369,0
DA:370,0
DA:372,0
DA:374,0
DA:375,0
DA:376,0
DA:378,0
DA:381,0
DA:383,0
DA:385,0
DA:386,0
DA:388,0
LF:146
LH:0
FN:41,114,RiskScorer.score
FNDA:0,RiskScorer.score
FN:117,126,RiskScorer._suggest_action
FNDA:0,RiskScorer._suggest_action
FN:147,149,InboxTriageAgent.__init__
FNDA:0,InboxTriageAgent.__init__
FN:151,164,InboxTriageAgent.describe
FNDA:0,InboxTriageAgent.describe
FN:166,196,InboxTriageAgent.plan
FNDA:0,InboxTriageAgent.plan
FN:198,337,InboxTriageAgent.execute
FNDA:0,InboxTriageAgent.execute
FN:339,378,InboxTriageAgent._generate_report
FNDA:0,InboxTriageAgent._generate_report
FN:381,388,register
FNDA:0,register
FN:385,386,register.handler
FNDA:0,register.handler
FNF:9
FNH:0
end_of_record
SF:app\agents\insights_writer.py
DA:8,0
DA:9,0
DA:11,0
DA:12,0
DA:15,0
DA:37,0
DA:39,0
DA:41,0
DA:43,0
DA:45,0
DA:59,0
DA:61,0
DA:62,0
DA:63,0
DA:65,0
DA:73,0
DA:74,0
DA:76,0
DA:78,0
DA:88,0
DA:95,0
DA:96,0
DA:97,0
DA:99,0
DA:102,0
DA:103,0
DA:104,0
DA:107,0
DA:110,0
DA:111,0
DA:114,0
DA:115,0
DA:116,0
DA:117,0
DA:120,0
DA:123,0
DA:133,0
DA:137,0
DA:144,0
DA:153,0
DA:157,0
DA:163,0
DA:177,0
DA:186,0
DA:187,0
DA:198,0
DA:199,0
DA:211,0
DA:213,0
DA:214,0
DA:216,0
DA:222,0
DA:224,0
DA:225,0
DA:226,0
DA:228,0
DA:229,0
DA:231,0
DA:233,0
DA:241,0
DA:243,0
DA:253,0
DA:256,0
DA:257,0
DA:258,0
DA:260,0
DA:263,0
DA:265,0
DA:266,0
DA:267,0
DA:268,0
DA:270,0
DA:271,0
DA:272,0
DA:273,0
DA:275,0
DA:276,0
DA:277,0
DA:278,0
DA:279,0
DA:282,0
DA:283,0
DA:284,0
DA:286,0
DA:287,0
DA:288,0
DA:289,0
DA:290,0
DA:291,0
DA:292,0
DA:294,0
DA:299,0
DA:302,0
DA:303,0
DA:304,0
DA:306,0
DA:307,0
DA:309,0
DA:310,0
DA:311,0
DA:313,0
DA:314,0
DA:316,0
DA:317,0
DA:319,0
DA:322,0
DA:325,0
DA:326,0
DA:328,0
DA:329,0
DA:330,0
DA:331,0
DA:333,0
DA:334,0
DA:335,0
DA:336,0
DA:338,0
DA:341,0
DA:342,0
DA:344,0
DA:346,0
DA:348,0
DA:349,0
DA:350,0
DA:351,0
DA:352,0
DA:353,0
DA:354,0
DA:357,0
DA:359,0
DA:361,0
DA:362,0
DA:364,0
LF:133
LH:0
FN:39,41,InsightsWriterAgent.__init__
FNDA:0,InsightsWriterAgent.__init__
FN:43,57,InsightsWriterAgent.describe
FNDA:0,InsightsWriterAgent.describe
FN:59,86,InsightsWriterAgent.plan
FNDA:0,InsightsWriterAgent.plan
FN:88,175,InsightsWriterAgent.execute
FNDA:0,InsightsWriterAgent.execute
FN:177,214,InsightsWriterAgent._query_metrics
FNDA:0,InsightsWriterAgent._query_metrics
FN:216,241,InsightsWriterAgent._calculate_trends
FNDA:0,InsightsWriterAgent._calculate_trends
FN:243,344,InsightsWriterAgent._generate_report
FNDA:0,InsightsWriterAgent._generate_report
FN:346,354,InsightsWriterAgent._format_value
FNDA:0,InsightsWriterAgent._format_value
FN:357,364,register
FNDA:0,register
FN:361,362,register.handler
FNDA:0,register.handler
FNF:10
FNH:0
end_of_record
SF:app\agents\knowledge_update.py
DA:8,0
DA:10,0
DA:11,0
DA:12,0
DA:15,0
DA:37,0
DA:39,0
DA:41,0
DA:43,0
DA:45,0
DA:59,0
DA:61,0
DA:62,0
DA:63,0
DA:65,0
DA:71,0
DA:72,0
DA:74,0
DA:76,0
DA:86,0
DA:93,0
DA:94,0
DA:95,0
DA:96,0
DA:98,0
DA:101,0
DA:102,0
DA:105,0
DA:106,0
DA:114,0
DA:115,0
DA:125,0
DA:127,0
DA:128,0
DA:131,0
DA:134,0
DA:135,0
DA:138,0
DA:141,0
DA:142,0
DA:144,0
DA:150,0
DA:156,0
DA:157,0
DA:161,0
DA:164,0
DA:173,0
DA:174,0
DA:181,0
DA:182,0
DA:183,0
DA:189,0
DA:203,0
DA:205,0
DA:207,0
DA:208,0
DA:209,0
DA:210,0
DA:211,0
DA:212,0
DA:215,0
DA:220,0
DA:221,0
DA:230,0
DA:232,0
DA:236,0
DA:238,0
DA:245,0
DA:246,0
DA:248,0
DA:249,0
DA:250,0
DA:253,0
DA:254,0
DA:255,0
DA:257,0
DA:263,0
DA:265,0
DA:266,0
DA:267,0
DA:268,0
DA:269,0
DA:271,0
DA:279,0
DA:280,0
DA:281,0
DA:282,0
DA:284,0
DA:285,0
DA:286,0
DA:287,0
DA:289,0
DA:290,0
DA:291,0
DA:292,0
DA:293,0
DA:294,0
DA:295,0
DA:297,0
DA:298,0
DA:299,0
DA:300,0
DA:301,0
DA:302,0
DA:303,0
DA:305,0
DA:306,0
DA:307,0
DA:309,0
DA:312,0
DA:314,0
DA:316,0
DA:317,0
DA:319,0
LF:114
LH:0
FN:39,41,KnowledgeUpdaterAgent.__init__
FNDA:0,KnowledgeUpdaterAgent.__init__
FN:43,57,KnowledgeUpdaterAgent.describe
FNDA:0,KnowledgeUpdaterAgent.describe
FN:59,84,KnowledgeUpdaterAgent.plan
FNDA:0,KnowledgeUpdaterAgent.plan
FN:86,201,KnowledgeUpdaterAgent.execute
FNDA:0,KnowledgeUpdaterAgent.execute
FN:203,230,KnowledgeUpdaterAgent._rows_to_config
FNDA:0,KnowledgeUpdaterAgent._rows_to_config
FN:232,236,KnowledgeUpdaterAgent._fetch_es_config
FNDA:0,KnowledgeUpdaterAgent._fetch_es_config
FN:238,261,KnowledgeUpdaterAgent._generate_diff
FNDA:0,KnowledgeUpdaterAgent._generate_diff
FN:263,269,KnowledgeUpdaterAgent._config_key
FNDA:0,KnowledgeUpdaterAgent._config_key
FN:271,309,KnowledgeUpdaterAgent._generate_report
FNDA:0,KnowledgeUpdaterAgent._generate_report
FN:312,319,register
FNDA:0,register
FN:316,317,register.handler
FNDA:0,register.handler
FNF:11
FNH:0
end_of_record
SF:app\agents\planner.py
DA:3,1
DA:5,1
DA:8,1
DA:15,1
DA:32,0
DA:33,0
DA:35,0
LF:7
LH:4
FN:15,41,Planner.plan
FNDA:0,Planner.plan
FNF:1
FNH:0
end_of_record
SF:app\agents\planner_switch.py
DA:9,0
DA:10,0
DA:11,0
DA:13,0
DA:14,0
DA:15,0
DA:18,0
DA:31,0
DA:38,0
DA:39,0
DA:40,0
DA:41,0
DA:43,0
DA:66,0
DA:69,0
DA:72,0
DA:73,0
DA:76,0
DA:79,0
DA:86,0
DA:89,0
DA:97,0
DA:98,0
DA:99,0
DA:100,0
DA:101,0
DA:104,0
DA:105,0
DA:106,0
DA:107,0
DA:108,0
DA:111,0
DA:112,0
DA:113,0
DA:114,0
DA:116,0
DA:127,0
DA:130,0
DA:131,0
DA:132,0
DA:135,0
DA:136,0
DA:137,0
DA:140,0
DA:143,0
DA:145,0
DA:157,0
DA:164,0
DA:165,0
DA:166,0
DA:167,0
DA:169,0
DA:175,0
LF:53
LH:0
FN:31,41,PlannerSwitchboard.__init__
FNDA:0,PlannerSwitchboard.__init__
FN:43,114,PlannerSwitchboard.plan
FNDA:0,PlannerSwitchboard.plan
FN:116,155,PlannerSwitchboard._compute_diff
FNDA:0,PlannerSwitchboard._compute_diff
FN:157,167,PlannerSwitchboard.update_config
FNDA:0,PlannerSwitchboard.update_config
FN:169,180,PlannerSwitchboard.get_config
FNDA:0,PlannerSwitchboard.get_config
FNF:5
FNH:0
end_of_record
SF:app\agents\planner_v2.py
DA:10,0
DA:11,0
DA:12,0
DA:13,0
DA:15,0
DA:18,0
DA:20,0
DA:21,0
DA:22,0
DA:25,0
DA:27,0
DA:28,0
DA:29,0
DA:30,0
DA:31,0
DA:32,0
DA:33,0
DA:34,0
DA:35,0
DA:38,0
DA:48,0
DA:54,0
DA:55,0
DA:56,0
DA:57,0
DA:60,0
DA:79,0
DA:89,0
DA:92,0
DA:95,0
DA:98,0
DA:100,0
DA:102,0
DA:104,0
DA:106,0
DA:107,0
DA:110,0
DA:111,0
DA:114,0
DA:116,0
DA:118,0
DA:119,0
DA:122,0
DA:123,0
DA:125,0
DA:126,0
DA:128,0
DA:129,0
DA:131,0
DA:132,0
DA:134,0
DA:135,0
DA:137,0
DA:138,0
DA:140,0
DA:142,0
DA:144,0
DA:145,0
DA:148,0
DA:149,0
DA:150,0
DA:153,0
DA:154,0
DA:155,0
DA:158,0
DA:159,0
DA:161,0
DA:163,0
DA:178,0
DA:179,0
DA:180,0
DA:183,0
DA:184,0
DA:185,0
DA:187,0
DA:188,0
DA:189,0
DA:191,0
DA:194,0
DA:197,0
DA:200,0
DA:201,0
DA:204,0
DA:205,0
DA:206,0
DA:207,0
DA:210,0
DA:218,0
DA:220,0
DA:232,0
DA:235,0
DA:236,0
DA:237,0
DA:239,0
DA:242,0
DA:244,0
DA:246,0
DA:247,0
DA:248,0
DA:249,0
DA:251,0
DA:253,0
DA:261,0
DA:263,0
DA:264,0
DA:276,0
DA:277,0
DA:279,0
DA:288,0
DA:290,0
DA:291,0
DA:292,0
DA:294,0
DA:295,0
DA:297,0
DA:298,0
DA:299,0
DA:301,0
DA:303,0
DA:314,0
DA:316,0
DA:328,0
DA:330,0
DA:334,0
DA:336,0
DA:338,0
DA:340,0
LF:127
LH:0
FN:48,77,PlannerV2.__init__
FNDA:0,PlannerV2.__init__
FN:79,114,PlannerV2.plan
FNDA:0,PlannerV2.plan
FN:116,140,PlannerV2._extract_capabilities
FNDA:0,PlannerV2._extract_capabilities
FN:142,161,PlannerV2._find_candidates
FNDA:0,PlannerV2._find_candidates
FN:163,218,PlannerV2._score_agent
FNDA:0,PlannerV2._score_agent
FN:220,242,PlannerV2._compute_confidence
FNDA:0,PlannerV2._compute_confidence
FN:244,251,PlannerV2._should_use_llm_fallback
FNDA:0,PlannerV2._should_use_llm_fallback
FN:253,277,PlannerV2._llm_plan
FNDA:0,PlannerV2._llm_plan
FN:279,312,PlannerV2._build_plan
FNDA:0,PlannerV2._build_plan
FN:314,324,PlannerV2._create_fallback_plan
FNDA:0,PlannerV2._create_fallback_plan
FN:328,330,_get_all_agents_from_registry
FNDA:0,_get_all_agents_from_registry
FN:336,338,get_all_agents
FNDA:0,get_all_agents
FNF:12
FNH:0
end_of_record
SF:app\agents\registry.py
DA:3,1
DA:5,1
DA:8,1
DA:17,1
DA:19,0
DA:21,1
DA:28,0
DA:30,1
DA:42,0
DA:43,0
DA:44,0
DA:46,1
DA:52,0
LF:13
LH:7
FN:17,19,AgentRegistry.__init__
FNDA:0,AgentRegistry.__init__
FN:21,28,AgentRegistry.register
FNDA:0,AgentRegistry.register
FN:30,44,AgentRegistry.get
FNDA:0,AgentRegistry.get
FN:46,52,AgentRegistry.list
FNDA:0,AgentRegistry.list
FNF:4
FNH:0
end_of_record
SF:app\agents\skills.py
DA:6,0
DA:7,0
DA:10,0
DA:22,0
DA:23,0
DA:24,0
DA:25,0
DA:26,0
DA:27,0
DA:28,0
DA:31,0
DA:34,0
DA:35,0
DA:36,0
DA:38,0
DA:41,0
DA:51,0
DA:62,0
DA:73,0
DA:84,0
DA:94,0
DA:96,0
DA:98,0
DA:100,0
DA:102,0
DA:104,0
DA:106,0
DA:108,0
DA:110,0
DA:112,0
DA:114,0
DA:122,0
DA:123,0
DA:124,0
DA:126,0
DA:127,0
DA:128,0
DA:129,0
DA:130,0
DA:131,0
DA:135,0
DA:138,0
DA:141,0
DA:142,0
DA:143,0
DA:146,0
DA:149,0
LF:47
LH:0
FN:34,36,SkillRegistry.__init__
FNDA:0,SkillRegistry.__init__
FN:38,92,SkillRegistry._initialize_default_skills
FNDA:0,SkillRegistry._initialize_default_skills
FN:94,96,SkillRegistry.register
FNDA:0,SkillRegistry.register
FN:98,100,SkillRegistry.get
FNDA:0,SkillRegistry.get
FN:102,104,SkillRegistry.get_by_agent
FNDA:0,SkillRegistry.get_by_agent
FN:106,108,SkillRegistry.find_by_capability
FNDA:0,SkillRegistry.find_by_capability
FN:110,112,SkillRegistry.get_all
FNDA:0,SkillRegistry.get_all
FN:114,131,SkillRegistry.update_metrics
FNDA:0,SkillRegistry.update_metrics
FN:138,143,get_skill_registry
FNDA:0,get_skill_registry
FN:146,149,reset_skill_registry
FNDA:0,reset_skill_registry
FNF:10
FNH:0
end_of_record
SF:app\agents\warehouse.py
DA:12,0
DA:14,0
DA:15,0
DA:17,0
DA:18,0
DA:19,0
DA:20,0
DA:21,0
DA:24,0
DA:37,0
DA:38,0
DA:41,0
DA:42,0
DA:44,0
DA:45,0
DA:51,0
DA:62,0
DA:63,0
DA:72,0
DA:86,0
DA:87,0
DA:97,0
DA:98,0
DA:99,0
DA:102,0
DA:103,0
DA:105,0
DA:114,0
DA:115,0
DA:117,0
DA:118,0
DA:119,0
DA:120,0
DA:121,0
DA:122,0
DA:125,0
DA:126,0
DA:135,0
DA:136,0
DA:140,0
DA:141,0
DA:142,0
DA:143,0
DA:144,0
DA:145,0
DA:148,0
DA:149,0
DA:151,0
DA:152,0
DA:153,0
DA:154,0
DA:156,0
DA:166,0
DA:174,0
DA:175,0
DA:177,0
DA:179,0
DA:181,0
DA:182,0
DA:183,0
DA:184,0
DA:186,0
DA:194,0
DA:198,0
DA:199,0
DA:205,0
DA:206,0
DA:207,0
DA:212,0
DA:213,0
DA:219,0
DA:220,0
DA:222,0
DA:223,0
DA:225,0
DA:226,0
DA:233,0
DA:234,0
DA:240,0
DA:246,0
DA:252,0
DA:260,0
DA:261,0
DA:267,0
DA:268,0
DA:274,0
DA:275,0
DA:281,0
DA:284,0
DA:290,0
LF:90
LH:0
FN:45,60,WarehouseHealthAgent.describe
FNDA:0,WarehouseHealthAgent.describe
FN:63,84,WarehouseHealthAgent.plan
FNDA:0,WarehouseHealthAgent.plan
FN:87,281,WarehouseHealthAgent.execute
FNDA:0,WarehouseHealthAgent.execute
FN:284,293,register
FNDA:0,register
FNF:4
FNH:0
end_of_record
SF:app\api\routes\active.py
DA:6,1
DA:7,1
DA:9,1
DA:10,1
DA:11,1
DA:13,1
DA:14,1
DA:15,1
DA:16,1
DA:17,1
DA:18,1
DA:19,1
DA:20,1
DA:22,1
DA:29,1
DA:30,1
DA:31,1
DA:32,1
DA:33,1
DA:36,1
DA:37,1
DA:38,1
DA:39,1
DA:42,1
DA:43,1
DA:44,1
DA:45,1
DA:46,1
DA:47,1
DA:50,1
DA:51,1
DA:52,1
DA:53,1
DA:56,1
DA:57,1
DA:60,1
DA:61,1
DA:62,1
DA:65,1
DA:66,1
DA:67,1
DA:70,1
DA:71,1
DA:74,1
DA:75,1
DA:76,1
DA:79,1
DA:80,1
DA:81,1
DA:82,1
DA:83,1
DA:84,1
DA:87,1
DA:88,1
DA:91,1
DA:92,1
DA:93,1
DA:94,1
DA:95,1
DA:102,1
DA:103,1
DA:105,0
DA:106,0
DA:107,0
DA:110,1
DA:111,1
DA:113,0
DA:114,0
DA:125,1
DA:126,1
DA:131,0
DA:133,0
DA:139,0
DA:140,0
DA:145,0
DA:154,1
DA:155,1
DA:160,0
DA:162,0
DA:163,0
DA:168,0
DA:169,0
DA:170,0
DA:173,1
DA:174,1
DA:176,0
DA:177,0
DA:179,0
DA:180,0
DA:182,0
DA:189,1
DA:190,1
DA:192,0
DA:193,0
DA:196,1
DA:197,1
DA:203,0
DA:205,0
DA:206,0
DA:211,0
DA:215,0
DA:216,0
DA:219,1
DA:220,1
DA:226,0
DA:228,0
DA:229,0
DA:231,0
DA:232,0
DA:237,0
DA:238,0
DA:239,0
DA:240,0
DA:242,0
DA:244,0
DA:250,1
DA:251,1
DA:257,0
DA:259,0
DA:260,0
DA:264,0
DA:268,0
DA:269,0
DA:276,1
DA:277,1
DA:279,0
DA:281,0
DA:287,0
DA:288,0
DA:289,0
DA:290,0
DA:293,0
DA:294,0
DA:296,0
DA:297,0
DA:298,0
DA:300,0
DA:307,0
DA:310,1
DA:311,1
DA:317,0
DA:319,0
DA:324,0
DA:327,1
DA:328,1
DA:334,0
DA:336,0
DA:338,0
DA:345,1
DA:346,1
DA:348,0
DA:350,0
DA:352,0
DA:363,1
DA:364,1
DA:366,0
DA:369,0
DA:370,0
DA:372,0
DA:373,0
DA:375,0
DA:376,0
DA:378,0
DA:381,1
DA:382,1
DA:384,0
DA:385,0
DA:388,1
DA:389,1
DA:394,0
DA:396,0
DA:407,1
DA:408,1
DA:415,0
DA:417,0
DA:418,0
DA:423,0
DA:425,0
DA:429,0
DA:432,1
DA:433,1
DA:435,0
DA:436,0
DA:437,0
DA:444,1
DA:445,1
DA:450,0
DA:452,0
DA:458,0
DA:459,0
DA:460,0
DA:461,0
DA:463,0
DA:466,0
DA:472,0
DA:473,0
DA:474,0
DA:475,0
DA:477,0
DA:479,0
DA:481,0
DA:488,1
DA:489,1
DA:491,0
DA:493,0
DA:495,0
DA:496,0
DA:497,0
DA:498,0
DA:500,0
DA:506,1
DA:507,1
DA:509,0
DA:510,0
DA:513,0
DA:514,0
DA:517,0
DA:518,0
DA:521,0
DA:526,0
DA:529,0
DA:530,0
DA:532,0
LF:223
LH:101
FN:103,107,get_labeled_stats
FNDA:0,get_labeled_stats
FN:111,118,load_feeds
FNDA:0,load_feeds
FN:126,151,create_bundle
FNDA:0,create_bundle
FN:155,170,propose_bundle
FNDA:0,propose_bundle
FN:174,182,get_active_bundle
FNDA:0,get_active_bundle
FN:190,193,list_pending_approvals
FNDA:0,list_pending_approvals
FN:197,216,approve_bundle
FNDA:0,approve_bundle
FN:220,247,reject_bundle
FNDA:0,reject_bundle
FN:251,269,apply_bundle
FNDA:0,apply_bundle
FN:277,307,list_active_canaries
FNDA:0,list_active_canaries
FN:311,324,check_canary_performance
FNDA:0,check_canary_performance
FN:328,342,promote_canary
FNDA:0,promote_canary
FN:346,356,rollback_canary
FNDA:0,rollback_canary
FN:364,378,get_all_judge_weights
FNDA:0,get_all_judge_weights
FN:382,385,get_judge_weights
FNDA:0,get_judge_weights
FN:389,400,update_judge_weights
FNDA:0,update_judge_weights
FN:408,429,get_review_queue
FNDA:0,get_review_queue
FN:433,437,get_review_queue_stats
FNDA:0,get_review_queue_stats
FN:445,485,pause_active_learning
FNDA:0,pause_active_learning
FN:489,503,resume_active_learning
FNDA:0,resume_active_learning
FN:507,538,get_active_learning_status
FNDA:0,get_active_learning_status
FNF:21
FNH:0
end_of_record
SF:app\auth\__init__.py
DA:2,1
DA:3,1
DA:5,1
LF:3
LH:3
end_of_record
SF:app\auth\deps.py
DA:2,1
DA:3,1
DA:4,1
DA:5,1
DA:6,1
DA:7,1
DA:10,1
DA:15,0
DA:16,0
DA:17,0
DA:18,0
DA:21,1
DA:23,0
LF:13
LH:8
FN:10,18,current_user
FNDA:0,current_user
FN:21,23,optional_current_user
FNDA:0,optional_current_user
FNF:2
FNH:0
end_of_record
SF:app\auth\google.py
DA:2,1
DA:3,1
DA:4,1
DA:6,1
DA:7,1
DA:8,1
DA:9,1
DA:17,1
DA:19,0
DA:28,0
DA:31,1
DA:38,0
DA:39,0
DA:49,0
DA:50,0
DA:53,1
DA:55,0
DA:56,0
DA:60,0
DA:61,0
LF:20
LH:10
FN:17,28,build_auth_url
FNDA:0,build_auth_url
FN:31,50,exchange_code_for_tokens
FNDA:0,exchange_code_for_tokens
FN:53,61,get_userinfo
FNDA:0,get_userinfo
FNF:3
FNH:0
end_of_record
SF:app\auth\schema.py
DA:2,1
DA:3,1
DA:6,1
DA:8,1
DA:9,1
DA:10,1
DA:11,1
DA:12,1
DA:14,1
DA:15,1
DA:18,1
DA:20,1
DA:21,1
LF:13
LH:13
end_of_record
SF:app\auth\session.py
DA:2,1
DA:3,1
DA:4,1
DA:5,1
DA:6,1
DA:7,1
DA:8,1
DA:10,1
DA:11,1
DA:14,1
DA:16,0
DA:17,0
DA:18,0
DA:24,0
DA:25,0
DA:26,0
DA:29,1
DA:37,0
DA:49,1
DA:51,0
DA:58,1
DA:60,0
DA:61,0
DA:62,0
DA:65,1
DA:67,0
DA:68,0
DA:69,0
DA:71,0
DA:72,0
DA:73,0
DA:75,0
LF:32
LH:14
FN:14,26,new_session
FNDA:0,new_session
FN:29,46,set_cookie
FNDA:0,set_cookie
FN:49,55,clear_cookie
FNDA:0,clear_cookie
FN:58,62,get_session
FNDA:0,get_session
FN:65,75,verify_session
FNDA:0,verify_session
FNF:5
FNH:0
end_of_record
SF:app\auth_google.py
DA:1,1
DA:4,1
DA:6,1
DA:7,1
DA:8,1
DA:9,1
DA:11,1
DA:12,1
DA:13,1
DA:14,1
DA:15,1
DA:17,1
DA:18,1
DA:19,1
DA:20,1
DA:21,1
DA:26,1
DA:29,1
DA:32,1
DA:33,1
DA:34,1
DA:35,1
DA:38,1
DA:39,0
DA:40,0
DA:43,1
DA:44,0
DA:45,0
DA:48,1
DA:49,0
DA:50,0
DA:51,0
DA:55,1
DA:56,1
DA:58,0
DA:59,0
DA:62,1
DA:63,1
DA:65,0
DA:66,0
DA:67,0
DA:68,0
DA:72,0
DA:73,0
DA:74,0
DA:78,0
DA:86,0
DA:88,0
DA:91,1
DA:92,1
DA:94,0
DA:96,0
DA:97,0
DA:98,0
DA:99,0
DA:101,0
DA:102,0
DA:104,0
DA:105,0
DA:106,0
DA:109,0
DA:110,0
DA:111,0
DA:113,0
DA:116,0
DA:119,0
DA:120,0
DA:121,0
DA:123,0
DA:124,0
DA:128,0
DA:129,0
DA:130,0
DA:135,0
DA:136,0
DA:144,0
DA:147,0
DA:150,0
DA:151,0
DA:153,0
DA:154,0
DA:155,0
DA:157,0
DA:160,0
DA:161,0
LF:85
LH:31
FN:38,40,_load_client_config
FNDA:0,_load_client_config
FN:43,45,_encode_state
FNDA:0,_encode_state
FN:48,51,_decode_state
FNDA:0,_decode_state
FN:56,59,get_csrf_token
FNDA:0,get_csrf_token
FN:63,88,login
FNDA:0,login
FN:92,161,callback
FNDA:0,callback
FNF:6
FNH:0
end_of_record
SF:app\autofill_aggregator.py
DA:13,0
DA:14,0
DA:15,0
DA:16,0
DA:18,0
DA:20,0
DA:21,0
DA:22,0
DA:24,0
DA:27,0
DA:33,0
DA:39,0
DA:52,0
DA:54,0
DA:55,0
DA:56,0
DA:57,0
DA:58,0
DA:59,0
DA:61,0
DA:62,0
DA:63,0
DA:64,0
DA:66,0
DA:67,0
DA:69,0
DA:72,0
DA:80,0
DA:81,0
DA:83,0
DA:84,0
DA:86,0
DA:87,0
DA:89,0
DA:90,0
DA:91,0
DA:94,0
DA:96,0
DA:97,0
DA:98,0
DA:100,0
DA:103,0
DA:114,0
DA:125,0
DA:126,0
DA:127,0
DA:128,0
DA:131,0
DA:133,0
DA:134,0
DA:135,0
DA:137,0
DA:138,0
DA:139,0
DA:141,0
DA:145,0
DA:146,0
DA:148,0
DA:151,0
DA:170,0
DA:176,0
DA:177,0
DA:178,0
DA:180,0
DA:181,0
DA:183,0
DA:185,0
DA:190,0
DA:191,0
DA:192,0
DA:194,0
DA:196,0
DA:197,0
DA:200,0
DA:201,0
DA:204,0
DA:213,0
DA:214,0
DA:218,0
DA:220,0
DA:221,0
DA:222,0
DA:223,0
DA:224,0
DA:227,0
DA:229,0
DA:230,0
DA:236,0
DA:239,0
DA:252,0
DA:253,0
DA:254,0
DA:255,0
DA:258,0
DA:259,0
DA:261,0
DA:262,0
DA:263,0
DA:264,0
DA:265,0
DA:266,0
DA:267,0
DA:269,0
LF:103
LH:0
FN:39,69,_compute_canonical_map
FNDA:0,_compute_canonical_map
FN:72,100,_compute_stats
FNDA:0,_compute_stats
FN:103,148,_update_gen_style_weights
FNDA:0,_update_gen_style_weights
FN:151,236,aggregate_autofill_profiles
FNDA:0,aggregate_autofill_profiles
FN:239,269,run_aggregator
FNDA:0,run_aggregator
FNF:5
FNH:0
end_of_record
SF:app\chaos\__init__.py
DA:31,0
DA:41,0
DA:51,0
LF:3
LH:0
end_of_record
SF:app\chaos\injector.py
DA:19,0
DA:20,0
DA:21,0
DA:22,0
DA:23,0
DA:24,0
DA:25,0
DA:26,0
DA:27,0
DA:28,0
DA:30,0
DA:33,0
DA:36,0
DA:37,0
DA:38,0
DA:39,0
DA:40,0
DA:41,0
DA:42,0
DA:43,0
DA:44,0
DA:47,0
DA:49,0
DA:52,0
DA:53,0
DA:56,0
DA:57,0
DA:58,0
DA:59,0
DA:60,0
DA:61,0
DA:62,0
DA:63,0
DA:66,0
DA:67,0
DA:70,0
DA:71,0
DA:72,0
DA:73,0
DA:74,0
DA:75,0
DA:76,0
DA:77,0
DA:78,0
DA:80,0
DA:81,0
DA:83,0
DA:84,0
DA:85,0
DA:87,0
DA:88,0
DA:90,0
DA:91,0
DA:92,0
DA:94,0
DA:95,0
DA:97,0
DA:98,0
DA:99,0
DA:102,0
DA:110,0
DA:111,0
DA:112,0
DA:113,0
DA:114,0
DA:116,0
DA:118,0
DA:119,0
DA:120,0
DA:122,0
DA:124,0
DA:125,0
DA:126,0
DA:127,0
DA:129,0
DA:131,0
DA:133,0
DA:134,0
DA:146,0
DA:148,0
DA:149,0
DA:151,0
DA:154,0
DA:156,0
DA:157,0
DA:160,0
DA:161,0
DA:166,0
DA:167,0
DA:169,0
DA:171,0
DA:174,0
DA:175,0
DA:176,0
DA:178,0
DA:179,0
DA:184,0
DA:190,0
DA:194,0
DA:195,0
DA:197,0
DA:200,0
DA:202,0
DA:203,0
DA:207,0
DA:209,0
DA:210,0
DA:212,0
DA:214,0
DA:218,0
DA:220,0
DA:221,0
DA:225,0
DA:227,0
DA:231,0
DA:233,0
DA:238,0
DA:240,0
DA:242,0
DA:243,0
DA:245,0
DA:246,0
DA:247,0
DA:248,0
DA:250,0
DA:256,0
DA:258,0
DA:259,0
DA:260,0
DA:262,0
DA:264,0
DA:265,0
DA:267,0
DA:269,0
DA:270,0
DA:272,0
DA:274,0
DA:275,0
DA:276,0
DA:277,0
DA:278,0
DA:279,0
DA:280,0
DA:281,0
DA:282,0
DA:284,0
DA:288,0
DA:291,0
DA:300,0
DA:301,0
DA:302,0
DA:307,0
DA:308,0
DA:309,0
DA:312,0
DA:321,0
DA:322,0
DA:323,0
DA:328,0
DA:329,0
DA:330,0
DA:333,0
DA:342,0
DA:343,0
DA:344,0
DA:349,0
DA:350,0
DA:351,0
DA:354,0
DA:361,0
DA:362,0
DA:364,0
DA:380,0
DA:388,0
DA:389,0
DA:394,0
DA:396,0
DA:398,0
DA:399,0
DA:401,0
DA:402,0
DA:404,0
DA:407,0
DA:410,0
DA:413,0
DA:416,0
DA:417,0
DA:419,0
DA:425,0
DA:429,0
LF:190
LH:0
FN:81,85,ChaosMetrics.duration
FNDA:0,ChaosMetrics.duration
FN:88,92,ChaosMetrics.success_rate
FNDA:0,ChaosMetrics.success_rate
FN:95,99,ChaosMetrics.recovery_rate
FNDA:0,ChaosMetrics.recovery_rate
FN:110,114,ChaosInjector.__init__
FNDA:0,ChaosInjector.__init__
FN:116,120,ChaosInjector.enable_experiment_mode
FNDA:0,ChaosInjector.enable_experiment_mode
FN:122,127,ChaosInjector.disable_experiment_mode
FNDA:0,ChaosInjector.disable_experiment_mode
FN:129,131,ChaosInjector.is_enabled
FNDA:0,ChaosInjector.is_enabled
FN:134,195,ChaosInjector.inject
FNDA:0,ChaosInjector.inject
FN:197,238,ChaosInjector._execute_injection
FNDA:0,ChaosInjector._execute_injection
FN:240,254,ChaosInjector.record_recovery_attempt
FNDA:0,ChaosInjector.record_recovery_attempt
FN:256,260,ChaosInjector.get_metrics
FNDA:0,ChaosInjector.get_metrics
FN:262,265,ChaosInjector.reset_metrics
FNDA:0,ChaosInjector.reset_metrics
FN:267,284,ChaosInjector.generate_report
FNDA:0,ChaosInjector.generate_report
FN:291,309,inject_api_outage
FNDA:0,inject_api_outage
FN:300,308,inject_api_outage.decorator
FNDA:0,inject_api_outage.decorator
FN:301,307,inject_api_outage.decorator.wrapper
FNDA:0,inject_api_outage.decorator.wrapper
FN:312,330,inject_latency
FNDA:0,inject_latency
FN:321,329,inject_latency.decorator
FNDA:0,inject_latency.decorator
FN:322,328,inject_latency.decorator.wrapper
FNDA:0,inject_latency.decorator.wrapper
FN:333,351,inject_rate_limit
FNDA:0,inject_rate_limit
FN:342,350,inject_rate_limit.decorator
FNDA:0,inject_rate_limit.decorator
FN:343,349,inject_rate_limit.decorator.wrapper
FNDA:0,inject_rate_limit.decorator.wrapper
FN:361,362,ChaosScheduler.__init__
FNDA:0,ChaosScheduler.__init__
FN:364,392,ChaosScheduler.schedule
FNDA:0,ChaosScheduler.schedule
FN:394,425,ChaosScheduler.run
FNDA:0,ChaosScheduler.run
FNF:25
FNH:0
end_of_record
SF:app\config.py
DA:7,1
DA:9,1
DA:10,1
DA:12,1
DA:15,1
DA:22,1
DA:25,1
DA:26,1
DA:29,1
DA:30,1
DA:33,1
DA:34,1
DA:35,1
DA:38,1
DA:39,1
DA:40,1
DA:43,1
DA:46,1
DA:49,1
DA:50,1
DA:51,1
DA:54,1
DA:55,1
DA:58,1
DA:59,1
DA:60,1
DA:61,1
DA:64,1
DA:65,1
DA:66,1
DA:67,1
DA:68,1
DA:69,1
DA:72,1
DA:73,1
DA:74,1
DA:75,1
DA:78,1
DA:79,1
DA:80,1
DA:83,1
DA:84,1
DA:85,1
DA:86,1
DA:87,1
DA:88,1
DA:89,1
DA:90,1
DA:91,1
DA:94,1
DA:95,1
DA:96,1
DA:97,1
DA:98,1
DA:99,1
DA:100,1
DA:103,1
DA:104,1
DA:105,1
DA:108,1
DA:109,1
DA:110,1
DA:111,1
DA:114,1
DA:115,1
DA:116,1
DA:117,1
DA:119,1
DA:120,1
DA:121,1
DA:125,1
DA:128,1
DA:134,1
LF:73
LH:73
FN:128,134,get_agent_settings
FNDA:1,get_agent_settings
FNF:1
FNH:1
end_of_record
SF:app\config_env.py
DA:7,0
DA:8,0
DA:9,0
DA:10,0
DA:13,0
DA:15,0
DA:16,0
DA:17,0
DA:18,0
DA:21,0
DA:24,0
DA:25,0
DA:26,0
DA:29,0
DA:30,0
DA:33,0
DA:34,0
DA:35,0
DA:38,0
DA:39,0
DA:40,0
DA:41,0
DA:44,0
DA:47,0
DA:48,0
DA:51,0
DA:52,0
DA:54,0
DA:55,0
DA:58,0
DA:72,0
DA:75,0
DA:102,0
DA:103,0
DA:105,0
DA:127,0
DA:130,0
DA:133,0
DA:134,0
DA:137,0
DA:139,0
DA:140,0
DA:141,0
DA:144,0
DA:146,0
DA:147,0
DA:150,0
DA:152,0
DA:153,0
DA:158,0
DA:160,0
DA:161,0
LF:52
LH:0
FN:58,123,get_env_config
FNDA:0,get_env_config
FN:130,134,init_config
FNDA:0,init_config
FN:137,141,get_config
FNDA:0,get_config
FN:144,147,is_production
FNDA:0,is_production
FN:150,155,is_canary
FNDA:0,is_canary
FN:158,161,get_canary_percentage
FNDA:0,get_canary_percentage
FNF:6
FNH:0
end_of_record
SF:app\core\__init__.py
end_of_record
SF:app\core\captcha.py
DA:5,1
DA:6,1
DA:7,1
DA:8,1
DA:10,1
DA:12,1
DA:15,1
DA:25,0
DA:26,0
DA:27,0
DA:28,0
DA:30,0
DA:31,0
DA:32,0
DA:33,0
DA:35,0
DA:36,0
DA:37,0
DA:38,0
DA:41,0
DA:46,0
DA:47,0
DA:49,0
DA:50,0
DA:51,0
DA:52,0
DA:53,0
DA:55,0
DA:56,0
DA:57,0
DA:60,0
DA:62,0
DA:63,0
DA:64,0
DA:65,0
DA:66,0
DA:68,0
DA:69,0
DA:73,0
DA:74,0
DA:76,0
DA:77,0
DA:78,0
DA:80,0
DA:81,0
DA:82,0
DA:83,0
DA:84,0
DA:85,0
DA:86,0
DA:87,0
LF:51
LH:7
FN:15,87,verify_captcha
FNDA:0,verify_captcha
FNF:1
FNH:0
end_of_record
SF:app\core\crypto.py
DA:6,1
DA:7,1
DA:8,1
DA:9,1
DA:10,1
DA:11,1
DA:12,1
DA:19,1
DA:22,1
DA:29,1
DA:31,1
DA:32,0
DA:33,0
DA:34,0
DA:36,1
DA:38,1
DA:39,1
DA:40,1
DA:41,0
DA:42,1
DA:43,0
DA:44,0
DA:45,0
DA:48,0
DA:49,0
DA:51,1
DA:52,1
DA:54,1
DA:63,0
DA:65,0
DA:67,0
DA:69,0
DA:72,0
DA:75,0
DA:76,0
DA:77,0
DA:79,1
DA:92,0
DA:94,0
DA:96,0
DA:98,0
DA:99,0
DA:100,0
DA:101,0
DA:102,0
DA:103,0
DA:105,0
DA:106,0
DA:107,0
DA:110,0
DA:111,0
DA:114,0
DA:115,0
DA:116,0
DA:117,0
DA:118,0
DA:119,0
DA:120,0
DA:121,0
DA:122,0
DA:123,0
DA:124,0
DA:125,0
DA:129,1
LF:64
LH:21
FN:29,52,Crypto.__init__
FNDA:1,Crypto.__init__
FN:54,77,Crypto.enc
FNDA:0,Crypto.enc
FN:79,125,Crypto.dec
FNDA:0,Crypto.dec
FNF:3
FNH:1
end_of_record
SF:app\core\csrf.py
DA:7,1
DA:8,1
DA:9,1
DA:10,1
DA:11,1
DA:12,1
DA:13,1
DA:15,1
DA:18,1
DA:22,1
DA:30,1
DA:37,1
DA:51,1
DA:63,0
DA:64,0
DA:65,0
DA:68,1
DA:75,1
DA:85,0
DA:87,0
DA:90,0
DA:91,0
DA:92,0
DA:93,0
DA:95,0
DA:98,0
DA:99,0
DA:100,0
DA:102,0
DA:110,0
DA:113,0
DA:114,0
DA:115,0
DA:117,0
DA:120,0
DA:121,0
DA:122,0
DA:124,0
DA:132,0
DA:135,0
DA:136,0
DA:140,0
DA:150,0
DA:151,0
DA:162,0
DA:164,0
DA:167,0
DA:169,0
DA:170,0
DA:173,0
DA:174,0
DA:175,0
DA:176,0
DA:179,0
DA:180,0
DA:182,0
DA:183,0
DA:186,0
DA:190,0
DA:199,0
DA:202,1
DA:208,0
DA:209,0
DA:217,0
LF:64
LH:16
FN:51,65,_has_auth_header
FNDA:0,_has_auth_header
FN:75,199,CSRFMiddleware.dispatch
FNDA:0,CSRFMiddleware.dispatch
FN:202,217,issue_csrf_cookie
FNDA:0,issue_csrf_cookie
FNF:3
FNH:0
end_of_record
SF:app\core\executors.py
DA:14,1
DA:20,1
DA:31,0
DA:32,0
DA:33,0
DA:34,0
DA:36,0
DA:37,0
DA:39,0
DA:40,0
DA:41,0
DA:42,0
DA:43,0
DA:45,0
DA:46,0
DA:47,0
DA:48,0
DA:49,0
DA:51,0
DA:52,0
DA:54,0
DA:55,0
DA:57,0
DA:58,0
DA:60,0
DA:61,0
DA:62,0
DA:63,0
DA:64,0
DA:66,0
DA:67,0
DA:69,0
DA:71,0
DA:72,0
DA:78,1
DA:87,0
DA:91,0
DA:92,0
DA:93,0
DA:94,0
DA:95,0
DA:98,1
DA:107,0
DA:111,0
DA:112,0
DA:113,0
DA:114,0
DA:115,0
DA:118,1
DA:127,0
DA:131,0
DA:132,0
DA:133,0
DA:134,0
DA:135,0
DA:138,1
DA:151,0
DA:171,0
DA:172,0
DA:173,0
DA:174,0
DA:175,0
DA:181,1
DA:197,0
DA:206,0
DA:207,0
DA:208,0
DA:209,0
DA:210,0
DA:216,1
DA:229,0
DA:236,0
DA:237,0
DA:238,0
DA:239,0
DA:240,0
DA:246,1
DA:255,0
DA:258,0
DA:259,0
DA:260,0
DA:261,0
DA:262,0
DA:265,1
DA:275,0
DA:287,0
DA:288,0
DA:289,0
DA:290,0
DA:291,0
DA:297,1
DA:300,0
DA:301,0
DA:304,1
DA:311,0
DA:312,0
DA:315,1
DA:318,0
DA:319,0
LF:99
LH:13
FN:20,72,execute_action
FNDA:0,execute_action
FN:78,95,gmail_archive
FNDA:0,gmail_archive
FN:98,115,gmail_label
FNDA:0,gmail_label
FN:118,135,gmail_move
FNDA:0,gmail_move
FN:138,175,try_list_unsubscribe
FNDA:0,try_list_unsubscribe
FN:181,210,create_calendar_event
FNDA:0,create_calendar_event
FN:216,240,create_task_item
FNDA:0,create_task_item
FN:246,262,block_sender
FNDA:0,block_sender
FN:265,291,quarantine_email
FNDA:0,quarantine_email
FN:297,301,send_unsubscribe_email
FNDA:0,send_unsubscribe_email
FN:304,312,safe_unsubscribe_get
FNDA:0,safe_unsubscribe_get
FN:315,319,move_attachment_to_quarantine
FNDA:0,move_attachment_to_quarantine
FNF:12
FNH:0
end_of_record
SF:app\core\intent.py
DA:8,1
DA:9,1
DA:11,1
DA:16,1
DA:72,1
DA:82,0
DA:85,0
DA:86,0
DA:87,0
DA:90,0
DA:91,0
DA:93,0
DA:94,0
DA:97,0
DA:100,1
DA:104,0
DA:114,0
DA:117,1
DA:122,0
DA:123,0
DA:124,0
DA:125,0
DA:126,0
DA:127,0
DA:129,0
DA:130,0
DA:131,0
DA:132,0
DA:134,0
DA:141,0
DA:142,0
DA:143,0
DA:144,0
DA:147,1
DA:152,0
DA:153,0
DA:154,0
DA:155,0
DA:156,0
DA:158,0
DA:159,0
DA:160,0
DA:161,0
DA:162,0
DA:163,0
DA:165,0
DA:168,0
DA:169,0
DA:171,0
DA:172,0
DA:173,0
DA:174,0
DA:175,0
DA:176,0
LF:54
LH:8
FN:72,97,detect_intent
FNDA:0,detect_intent
FN:100,114,explain_intent
FNDA:0,explain_intent
FN:117,144,explain_intent_tokens
FNDA:0,explain_intent_tokens
FN:147,176,extract_unless_brands
FNDA:0,extract_unless_brands
FNF:4
FNH:0
end_of_record
SF:app\core\learner.py
DA:7,1
DA:8,1
DA:10,1
DA:12,1
DA:15,1
DA:18,1
DA:34,0
DA:37,0
DA:40,0
DA:41,0
DA:44,0
DA:47,0
DA:48,0
DA:51,0
DA:54,0
DA:55,0
DA:58,0
DA:61,0
DA:64,0
DA:84,0
DA:85,0
DA:86,0
DA:88,0
DA:91,1
DA:107,0
DA:109,0
DA:111,0
DA:112,0
DA:113,0
DA:114,0
DA:117,0
DA:118,0
DA:120,0
DA:123,1
DA:135,0
DA:136,0
DA:137,0
DA:138,0
DA:139,0
DA:140,0
DA:143,1
DA:157,0
DA:165,0
DA:166,0
DA:167,0
DA:177,0
LF:46
LH:9
FN:18,88,featureize
FNDA:0,featureize
FN:91,120,update_user_weights
FNDA:0,update_user_weights
FN:123,140,score_ctx_with_user
FNDA:0,score_ctx_with_user
FN:143,177,get_user_preferences
FNDA:0,get_user_preferences
FNF:4
FNH:0
end_of_record
SF:app\core\limiter.py
DA:7,1
DA:8,1
DA:9,1
DA:10,1
DA:11,1
DA:12,1
DA:13,1
DA:15,1
DA:18,1
DA:25,1
DA:32,0
DA:33,0
DA:34,0
DA:35,0
DA:37,1
DA:47,0
DA:49,1
DA:59,0
DA:60,0
DA:61,0
DA:64,0
DA:65,0
DA:66,0
DA:69,0
DA:70,0
DA:71,0
DA:74,0
DA:77,0
DA:80,1
DA:87,1
DA:95,0
DA:96,0
DA:97,0
DA:99,1
DA:109,0
DA:110,0
DA:112,0
DA:115,0
DA:117,0
DA:118,0
DA:120,0
DA:122,0
DA:125,0
DA:127,0
DA:128,0
DA:129,0
DA:130,0
DA:132,0
DA:133,0
DA:134,0
DA:137,0
DA:140,0
DA:145,0
DA:148,0
DA:149,0
DA:151,0
DA:154,0
DA:157,0
DA:166,0
DA:168,0
LF:60
LH:15
FN:25,35,MemoryBucket.__init__
FNDA:0,MemoryBucket.__init__
FN:37,47,MemoryBucket._key
FNDA:0,MemoryBucket._key
FN:49,77,MemoryBucket.allow
FNDA:0,MemoryBucket.allow
FN:87,97,RateLimitMiddleware.__init__
FNDA:0,RateLimitMiddleware.__init__
FN:99,168,RateLimitMiddleware.dispatch
FNDA:0,RateLimitMiddleware.dispatch
FNF:5
FNH:0
end_of_record
SF:app\core\mail_tools.py
DA:10,1
DA:11,1
DA:12,1
DA:14,1
DA:17,1
DA:20,1
DA:22,0
DA:23,0
DA:24,0
DA:25,0
DA:28,0
DA:29,0
DA:32,0
DA:33,0
DA:34,0
DA:35,0
DA:36,0
DA:37,0
DA:38,0
DA:40,0
DA:43,1
DA:45,0
DA:46,0
DA:47,0
DA:48,0
DA:51,1
DA:63,0
DA:64,0
DA:66,0
DA:67,0
DA:69,0
DA:72,0
DA:73,0
DA:75,0
DA:77,0
DA:78,0
DA:80,0
DA:83,1
DA:91,0
DA:92,0
DA:95,0
DA:97,0
DA:98,0
DA:104,0
DA:105,0
DA:107,0
DA:108,0
DA:111,0
DA:114,0
DA:115,0
DA:116,0
DA:117,0
DA:118,0
DA:121,0
DA:122,0
DA:123,0
DA:124,0
DA:125,0
DA:126,0
DA:127,0
DA:129,0
DA:130,0
DA:132,0
DA:134,0
DA:137,1
DA:144,0
DA:145,0
DA:147,0
DA:156,0
DA:157,0
DA:163,0
DA:164,0
DA:165,0
DA:168,0
DA:169,0
DA:170,0
DA:171,0
DA:174,0
DA:176,0
DA:177,0
DA:180,0
DA:182,0
DA:194,0
DA:195,0
DA:196,0
DA:200,0
DA:202,0
DA:205,0
DA:207,0
DA:210,1
DA:217,0
DA:218,0
DA:221,0
DA:231,0
DA:234,0
DA:236,0
DA:248,0
DA:249,0
DA:251,0
DA:254,0
DA:255,0
DA:256,0
DA:257,0
DA:259,0
DA:262,1
DA:269,0
DA:270,0
DA:272,0
DA:283,0
DA:284,0
DA:286,0
DA:287,0
DA:288,0
DA:289,0
DA:290,0
DA:292,0
DA:293,0
DA:294,0
DA:295,0
DA:296,0
DA:298,0
DA:299,0
DA:301,0
DA:302,0
DA:304,0
DA:305,0
DA:307,0
DA:311,0
DA:314,1
DA:323,0
DA:326,0
DA:336,0
DA:337,0
DA:339,0
DA:340,0
DA:341,0
DA:342,0
DA:343,0
DA:344,0
DA:347,0
DA:348,0
DA:349,0
DA:351,0
DA:354,0
DA:356,0
DA:357,0
DA:359,0
DA:372,0
DA:373,0
DA:375,0
DA:376,0
DA:378,0
DA:381,1
DA:386,0
DA:388,0
DA:389,0
DA:391,0
DA:404,0
DA:406,0
DA:407,0
DA:409,0
DA:412,1
DA:417,0
DA:426,0
DA:427,0
DA:428,0
DA:430,0
DA:431,0
DA:433,0
DA:437,0
DA:440,0
DA:442,0
DA:443,0
DA:445,0
DA:447,0
DA:448,0
DA:449,0
DA:450,0
DA:453,0
DA:455,0
DA:456,0
DA:459,0
DA:468,0
LF:183
LH:15
FN:20,40,_format_email
FNDA:0,_format_email
FN:43,48,_format_email_with_reason
FNDA:0,_format_email_with_reason
FN:51,80,summarize_emails
FNDA:0,summarize_emails
FN:83,134,find_emails
FNDA:0,find_emails
FN:137,207,clean_promos
FNDA:0,clean_promos
FN:210,259,unsubscribe_inactive
FNDA:0,unsubscribe_inactive
FN:262,311,flag_suspicious
FNDA:0,flag_suspicious
FN:314,378,create_calendar_events
FNDA:0,create_calendar_events
FN:381,409,create_tasks
FNDA:0,create_tasks
FN:412,468,follow_up
FNDA:0,follow_up
FNF:10
FNH:0
end_of_record
SF:app\core\metrics.py
DA:13,1
DA:14,1
DA:15,1
DA:18,1
DA:24,1
DA:31,1
DA:37,1
DA:41,1
DA:45,1
DA:52,1
DA:58,1
DA:65,1
DA:71,1
DA:78,1
DA:84,1
DA:91,1
DA:97,1
DA:102,1
DA:108,1
DA:113,1
DA:119,1
DA:135,1
DA:138,0
DA:139,0
DA:140,0
DA:141,0
DA:143,0
DA:144,0
DA:145,0
DA:147,0
DA:151,1
DA:154,1
DA:155,1
DA:162,0
DA:165,1
DA:166,1
DA:172,0
LF:37
LH:27
FN:135,147,track_crypto_operation
FNDA:0,track_crypto_operation
FN:139,141,track_crypto_operation.CryptoTimer.__enter__
FNDA:0,track_crypto_operation.CryptoTimer.__enter__
FN:143,145,track_crypto_operation.CryptoTimer.__exit__
FNDA:0,track_crypto_operation.CryptoTimer.__exit__
FN:155,162,prometheus_metrics
FNDA:0,prometheus_metrics
FN:166,172,metrics_health
FNDA:0,metrics_health
FNF:5
FNH:0
end_of_record
SF:app\core\money.py
DA:11,1
DA:12,1
DA:13,1
DA:14,1
DA:15,1
DA:18,1
DA:21,1
DA:36,0
DA:37,0
DA:38,0
DA:41,0
DA:53,0
DA:54,0
DA:57,0
DA:58,0
DA:61,0
DA:71,0
DA:72,0
DA:74,0
DA:77,1
DA:92,0
DA:93,0
DA:95,0
DA:96,0
DA:97,0
DA:99,0
DA:102,1
DA:120,0
DA:121,0
DA:124,0
DA:127,0
DA:129,0
DA:130,0
DA:131,0
DA:133,0
DA:136,0
DA:137,0
DA:138,0
DA:139,0
DA:141,0
DA:142,0
DA:143,0
DA:145,0
DA:156,0
DA:159,1
DA:178,0
DA:180,0
DA:181,0
DA:182,0
DA:184,0
DA:185,0
DA:188,0
DA:189,0
DA:191,0
DA:192,0
DA:194,0
DA:197,0
DA:199,0
DA:200,0
DA:201,0
DA:204,0
DA:209,0
DA:210,0
DA:211,0
DA:214,0
DA:215,0
DA:217,0
DA:218,0
DA:219,0
DA:220,0
DA:223,0
DA:224,0
DA:225,0
DA:226,0
DA:228,0
DA:231,1
DA:246,0
DA:247,0
DA:248,0
DA:250,0
DA:251,0
DA:252,0
DA:253,0
DA:255,0
DA:256,0
DA:259,0
DA:260,0
DA:263,0
DA:264,0
DA:265,0
DA:266,0
DA:267,0
DA:268,0
DA:270,0
LF:94
LH:11
FN:21,74,is_receipt
FNDA:0,is_receipt
FN:77,99,extract_amount
FNDA:0,extract_amount
FN:102,156,build_receipts_csv
FNDA:0,build_receipts_csv
FN:159,228,detect_duplicates
FNDA:0,detect_duplicates
FN:231,276,summarize_spending
FNDA:0,summarize_spending
FNF:5
FNH:0
end_of_record
SF:app\core\rag.py
DA:8,1
DA:9,1
DA:11,1
DA:14,1
DA:17,1
DA:18,1
DA:21,1
DA:55,0
DA:58,0
DA:61,0
DA:62,0
DA:65,0
DA:68,0
DA:69,0
DA:72,0
DA:73,0
DA:91,0
DA:92,0
DA:94,0
DA:95,0
DA:97,0
DA:98,0
DA:100,0
DA:101,0
DA:103,0
DA:104,0
DA:105,0
DA:107,0
DA:110,0
DA:111,0
DA:112,0
DA:115,0
DA:116,0
DA:117,0
DA:118,0
DA:119,0
DA:120,0
DA:121,0
DA:122,0
DA:123,0
DA:125,0
DA:126,0
DA:127,0
DA:128,0
DA:129,0
DA:130,0
DA:133,0
DA:134,0
DA:137,0
DA:145,0
DA:146,0
DA:154,0
DA:155,0
DA:165,0
DA:189,0
DA:190,0
DA:191,0
DA:192,0
DA:193,0
DA:194,0
DA:195,0
DA:196,0
DA:197,0
DA:198,0
DA:201,0
DA:202,0
DA:203,0
DA:204,0
DA:207,0
DA:227,0
DA:228,0
DA:230,0
DA:231,0
DA:232,0
DA:234,0
DA:235,0
DA:238,0
DA:239,0
DA:242,0
DA:243,0
DA:244,0
DA:245,0
DA:246,0
DA:248,0
DA:249,0
DA:258,0
DA:259,0
DA:262,0
DA:263,0
DA:264,0
DA:265,0
DA:266,0
DA:268,0
DA:269,0
DA:278,0
DA:279,0
DA:281,0
DA:291,1
DA:302,0
DA:303,0
DA:319,0
DA:320,0
DA:322,0
DA:323,0
DA:324,0
DA:325,0
LF:106
LH:8
FN:21,288,rag_search
FNDA:0,rag_search
FN:291,325,search_by_email_id
FNDA:0,search_by_email_id
FNF:2
FNH:0
end_of_record
SF:app\core\summarize.py
DA:7,0
DA:10,0
DA:13,0
DA:24,0
DA:25,0
DA:27,0
DA:29,0
DA:32,0
DA:33,0
DA:35,0
DA:36,0
DA:38,0
DA:41,0
DA:56,0
DA:57,0
DA:59,0
DA:60,0
DA:61,0
DA:63,0
LF:19
LH:0
FN:13,38,trim_for_llm
FNDA:0,trim_for_llm
FN:41,63,extract_snippets_for_llm
FNDA:0,extract_snippets_for_llm
FNF:2
FNH:0
end_of_record
SF:app\core\text.py
DA:9,1
DA:12,1
DA:27,0
DA:30,0
DA:31,0
DA:35,0
DA:38,1
DA:48,0
LF:8
LH:3
FN:12,35,embed_query
FNDA:0,embed_query
FN:38,48,embed_batch
FNDA:0,embed_batch
FNF:2
FNH:0
end_of_record
SF:app\core\yardstick.py
DA:32,1
DA:33,1
DA:34,1
DA:35,1
DA:38,1
DA:51,1
DA:60,0
DA:61,0
DA:62,0
DA:63,0
DA:64,0
DA:67,1
DA:74,0
DA:75,0
DA:76,0
DA:78,0
DA:79,0
DA:82,0
DA:83,0
DA:86,0
DA:89,0
DA:90,0
DA:91,0
DA:92,0
DA:93,0
DA:94,0
DA:95,0
DA:96,0
DA:97,0
DA:98,0
DA:100,0
DA:103,1
DA:115,0
DA:116,0
DA:118,0
DA:119,0
DA:121,0
DA:122,0
DA:125,0
DA:126,0
DA:128,0
DA:129,0
DA:132,1
DA:155,0
DA:156,0
DA:157,0
DA:159,0
DA:160,0
DA:163,1
DA:173,0
DA:174,0
DA:175,0
DA:176,0
DA:177,0
DA:180,1
DA:182,0
DA:183,0
DA:185,0
DA:186,0
DA:187,0
DA:188,0
DA:189,0
DA:190,0
DA:192,0
DA:193,0
DA:194,0
DA:195,0
DA:196,0
DA:197,0
DA:199,0
DA:200,0
DA:201,0
DA:204,0
DA:205,0
DA:207,0
DA:208,0
DA:209,0
DA:211,0
DA:212,0
DA:215,0
DA:216,0
DA:217,0
DA:219,0
DA:220,0
LF:84
LH:11
FN:51,64,_resolve
FNDA:0,_resolve
FN:67,100,_cmp
FNDA:0,_cmp
FN:103,129,_eval
FNDA:0,_eval
FN:132,160,evaluate_policy
FNDA:0,evaluate_policy
FN:163,177,validate_condition
FNDA:0,validate_condition
FN:180,220,_validate_node
FNDA:0,_validate_node
FNF:6
FNH:0
end_of_record
SF:app\cron\__init__.py
DA:3,0
LF:1
LH:0
end_of_record
SF:app\cron\archive_cleanup.py
DA:10,0
DA:11,0
DA:12,0
DA:14,0
DA:16,0
DA:17,0
DA:18,0
DA:20,0
DA:23,0
DA:33,0
DA:34,0
DA:35,0
DA:37,0
DA:38,0
DA:41,0
DA:43,0
DA:49,0
DA:61,0
DA:63,0
DA:64,0
DA:65,0
DA:71,0
DA:72,0
DA:75,0
DA:82,0
DA:88,0
DA:89,0
DA:90,0
DA:91,0
DA:92,0
DA:94,0
DA:95,0
DA:96,0
DA:99,0
DA:101,0
DA:107,0
DA:118,0
DA:120,0
DA:121,0
DA:122,0
DA:128,0
DA:136,0
DA:137,0
DA:138,0
DA:139,0
DA:140,0
DA:143,0
DA:144,0
DA:145,0
DA:147,0
DA:152,0
DA:153,0
DA:154,0
DA:157,0
DA:158,0
DA:163,0
DA:168,0
DA:170,0
DA:171,0
DA:172,0
DA:173,0
DA:175,0
DA:178,0
DA:180,0
DA:182,0
DA:183,0
DA:188,0
DA:190,0
DA:195,0
DA:196,0
DA:200,0
DA:202,0
DA:205,0
DA:206,0
LF:74
LH:0
FN:23,175,run_archive_cleanup
FNDA:0,run_archive_cleanup
FN:178,202,main
FNDA:0,main
FNF:2
FNH:0
end_of_record
SF:app\cron\planner_rollup.py
DA:11,0
DA:12,0
DA:13,0
DA:14,0
DA:15,0
DA:17,0
DA:19,0
DA:20,0
DA:23,0
DA:39,0
DA:46,0
DA:47,0
DA:48,0
DA:49,0
DA:51,0
DA:52,0
DA:53,0
DA:55,0
DA:56,0
DA:57,0
DA:59,0
DA:60,0
DA:61,0
DA:62,0
DA:63,0
DA:66,0
DA:67,0
DA:68,0
DA:69,0
DA:70,0
DA:73,0
DA:83,0
DA:84,0
DA:85,0
DA:88,0
DA:90,0
DA:103,0
DA:112,0
DA:113,0
DA:114,0
DA:115,0
DA:117,0
DA:135,0
DA:136,0
DA:142,0
DA:143,0
DA:144,0
DA:147,0
DA:148,0
DA:154,0
DA:155,0
DA:161,0
DA:164,0
DA:169,0
DA:170,0
DA:171,0
DA:172,0
DA:174,0
DA:176,0
DA:177,0
DA:178,0
DA:179,0
DA:180,0
DA:181,0
DA:183,0
DA:195,0
DA:198,0
DA:205,0
DA:206,0
DA:209,0
DA:211,0
DA:213,0
DA:214,0
DA:217,0
DA:218,0
DA:221,0
DA:222,0
DA:223,0
DA:224,0
DA:225,0
DA:227,0
DA:228,0
DA:230,0
DA:231,0
DA:232,0
DA:233,0
DA:234,0
DA:237,0
DA:240,0
DA:242,0
DA:243,0
LF:91
LH:0
FN:23,100,analyze_planner_diffs
FNDA:0,analyze_planner_diffs
FN:103,195,generate_weekly_report
FNDA:0,generate_weekly_report
FN:198,237,run_weekly_rollup
FNDA:0,run_weekly_rollup
FNF:3
FNH:0
end_of_record
SF:app\cron\recompute_policy_stats.py
DA:19,0
DA:20,0
DA:21,0
DA:24,0
DA:26,0
DA:27,0
DA:30,0
DA:36,0
DA:38,0
DA:39,0
DA:41,0
DA:43,0
DA:44,0
DA:46,0
DA:47,0
DA:48,0
DA:49,0
DA:51,0
DA:53,0
DA:54,0
DA:56,0
DA:57,0
DA:58,0
DA:59,0
DA:62,0
DA:65,0
DA:67,0
DA:68,0
DA:69,0
DA:70,0
DA:72,0
DA:74,0
DA:75,0
DA:76,0
DA:77,0
DA:79,0
DA:82,0
DA:83,0
DA:84,0
DA:85,0
DA:86,0
DA:87,0
DA:89,0
DA:90,0
LF:44
LH:0
FN:30,62,recompute_stats
FNDA:0,recompute_stats
FN:65,79,main
FNDA:0,main
FNF:2
FNH:0
end_of_record
SF:app\db.py
DA:1,1
DA:2,1
DA:3,1
DA:5,1
DA:6,1
DA:8,1
DA:10,1
DA:11,1
DA:12,1
DA:17,1
DA:18,0
DA:19,0
DA:20,0
DA:22,0
DA:25,1
DA:46,0
DA:48,0
DA:49,0
DA:50,0
DA:60,0
DA:61,0
DA:62,0
DA:63,0
DA:65,0
DA:67,0
DA:75,1
DA:83,0
DA:84,0
DA:85,0
DA:86,0
DA:87,0
DA:105,0
DA:106,0
DA:107,0
DA:108,0
DA:110,0
DA:113,1
DA:124,0
DA:125,0
DA:126,0
DA:140,0
DA:141,0
DA:142,0
DA:143,0
DA:145,0
DA:146,0
DA:147,0
DA:152,0
DA:153,0
DA:154,0
DA:156,0
DA:158,0
DA:161,1
DA:169,0
DA:170,0
DA:171,0
DA:181,0
DA:182,0
DA:183,0
DA:184,0
DA:186,0
LF:61
LH:14
FN:17,22,get_db
FNDA:0,get_db
FN:25,67,audit_action
FNDA:0,audit_action
FN:75,110,approvals_bulk_insert
FNDA:0,approvals_bulk_insert
FN:113,158,approvals_get
FNDA:0,approvals_get
FN:161,186,approvals_update_status
FNDA:0,approvals_update_status
FNF:5
FNH:0
end_of_record
SF:app\deps\__init__.py
end_of_record
SF:app\deps\auth_keys.py
DA:6,1
DA:7,1
DA:10,1
DA:13,1
DA:28,0
DA:30,0
DA:32,0
DA:33,0
DA:38,0
LF:9
LH:4
FN:13,38,require_backfill_key
FNDA:0,require_backfill_key
FNF:1
FNH:0
end_of_record
SF:app\deps\params.py
DA:6,1
DA:31,0
DA:32,0
DA:33,0
DA:34,0
DA:35,0
LF:6
LH:1
FN:6,35,clamp_window_days
FNDA:0,clamp_window_days
FNF:1
FNH:0
end_of_record
SF:app\deps\user.py
DA:3,1
DA:4,1
DA:6,1
DA:8,1
DA:11,1
DA:22,0
DA:25,0
DA:26,0
DA:29,0
DA:30,0
DA:33,0
DA:34,0
DA:36,0
DA:37,0
DA:42,0
DA:45,1
DA:50,0
DA:51,0
DA:52,0
DA:53,0
LF:20
LH:6
FN:11,42,get_current_user_email
FNDA:0,get_current_user_email
FN:45,53,get_optional_user_email
FNDA:0,get_optional_user_email
FNF:2
FNH:0
end_of_record
SF:app\email_extractor.py
DA:11,1
DA:12,1
DA:13,1
DA:16,1
DA:19,1
DA:22,1
DA:30,1
DA:32,0
DA:33,0
DA:35,0
DA:37,0
DA:38,0
DA:41,1
DA:43,0
DA:44,0
DA:45,0
DA:48,1
DA:51,0
DA:53,0
DA:54,0
DA:57,1
DA:66,0
DA:67,0
DA:70,0
DA:73,0
DA:74,0
DA:75,0
DA:78,0
DA:83,0
DA:84,0
DA:87,0
DA:88,0
DA:89,0
DA:92,0
DA:93,0
DA:94,0
DA:95,0
DA:98,0
DA:99,0
DA:100,0
DA:110,0
DA:111,0
DA:113,0
DA:114,0
DA:116,0
DA:119,1
DA:125,0
DA:127,0
DA:129,0
DA:134,0
DA:140,0
DA:141,0
DA:143,0
DA:146,1
DA:154,0
DA:155,0
DA:156,0
DA:158,0
DA:159,0
DA:160,0
DA:163,1
DA:172,0
DA:173,0
DA:176,0
DA:177,0
DA:183,0
DA:184,0
DA:185,0
DA:192,0
DA:193,0
DA:194,0
DA:195,0
DA:196,0
DA:197,0
DA:200,0
DA:201,0
DA:204,0
DA:205,0
DA:206,0
DA:207,0
DA:210,0
DA:211,0
DA:212,0
DA:213,0
DA:214,0
DA:215,0
DA:216,0
DA:219,0
DA:222,1
DA:223,1
DA:226,1
DA:227,1
DA:228,1
DA:229,1
DA:230,1
DA:231,1
DA:232,1
DA:235,1
DA:236,1
DA:239,1
DA:240,1
DA:241,1
DA:242,1
DA:243,1
DA:246,1
DA:263,0
DA:264,0
DA:267,0
DA:268,0
DA:271,0
DA:274,0
DA:275,0
DA:276,0
DA:279,0
DA:284,0
DA:285,0
DA:288,0
DA:289,0
DA:292,0
DA:295,0
DA:298,0
DA:299,0
DA:307,0
DA:308,0
DA:310,0
LF:125
LH:30
FN:30,38,_sanitize
FNDA:0,_sanitize
FN:41,45,_headers_concat
FNDA:0,_headers_concat
FN:48,54,_clean_company
FNDA:0,_clean_company
FN:57,116,_company_from_from_header
FNDA:0,_company_from_from_header
FN:119,143,_company_from_signature
FNDA:0,_company_from_signature
FN:146,160,_role_from_subject
FNDA:0,_role_from_subject
FN:163,219,_detect_source
FNDA:0,_detect_source
FN:246,321,extract_from_email
FNDA:0,extract_from_email
FNF:8
FNH:0
end_of_record
SF:app\email_parsing.py
DA:5,0
DA:6,0
DA:9,0
DA:11,0
DA:12,0
DA:13,0
DA:15,0
DA:16,0
DA:18,0
DA:19,0
DA:20,0
DA:21,0
DA:22,0
DA:23,0
DA:25,0
DA:26,0
DA:29,0
DA:31,0
DA:36,0
DA:37,0
DA:38,0
DA:39,0
DA:40,0
DA:42,0
DA:43,0
DA:44,0
DA:45,0
DA:48,0
DA:50,0
DA:51,0
DA:52,0
DA:53,0
DA:54,0
DA:55,0
DA:56,0
DA:57,0
DA:58,0
DA:59,0
DA:60,0
DA:61,0
DA:65,0
DA:66,0
DA:72,0
LF:43
LH:0
FN:9,26,extract_company
FNDA:0,extract_company
FN:29,45,extract_role
FNDA:0,extract_role
FN:48,61,extract_source
FNDA:0,extract_source
FNF:3
FNH:0
end_of_record
SF:app\es.py
DA:1,1
DA:3,1
DA:5,1
DA:6,1
DA:7,1
DA:8,1
DA:11,1
DA:27,1
DA:121,1
DA:124,1
DA:126,0
DA:127,0
DA:128,0
DA:131,0
DA:133,0
DA:136,0
DA:137,0
DA:138,0
DA:140,0
DA:141,0
DA:142,0
DA:143,0
DA:144,0
DA:145,0
DA:146,0
DA:147,0
DA:148,0
DA:149,0
DA:150,0
DA:151,0
DA:152,0
DA:155,0
DA:156,0
DA:158,0
DA:159,0
DA:163,0
DA:165,0
DA:168,0
LF:38
LH:10
FN:124,168,ensure_index
FNDA:0,ensure_index
FNF:1
FNH:0
end_of_record
SF:app\eval\__init__.py
DA:11,1
DA:12,1
DA:14,1
LF:3
LH:3
end_of_record
SF:app\eval\budgets.py
DA:16,1
DA:17,1
DA:18,1
DA:19,1
DA:20,1
DA:21,1
DA:24,1
DA:25,1
DA:32,1
DA:35,1
DA:36,1
DA:39,1
DA:40,1
DA:41,1
DA:42,1
DA:45,1
DA:48,1
DA:51,1
DA:52,1
DA:56,1
DA:104,1
DA:105,1
DA:107,1
DA:108,1
DA:109,1
DA:110,1
DA:111,1
DA:112,1
DA:113,1
DA:116,1
DA:124,1
DA:132,0
DA:133,0
DA:135,1
DA:161,0
DA:162,0
DA:168,0
DA:170,0
DA:171,0
DA:178,0
DA:179,0
DA:181,0
DA:184,0
DA:185,0
DA:186,0
DA:189,0
DA:192,0
DA:193,0
DA:194,0
DA:205,0
DA:206,0
DA:207,0
DA:218,0
DA:219,0
DA:220,0
DA:231,0
DA:232,0
DA:233,0
DA:244,0
DA:245,0
DA:246,0
DA:257,0
DA:258,0
DA:259,0
DA:270,0
DA:271,0
DA:282,0
DA:284,0
DA:286,0
DA:287,0
DA:288,0
DA:299,0
DA:301,0
DA:302,0
DA:303,0
DA:313,0
DA:322,1
DA:337,0
DA:338,0
DA:339,0
DA:341,0
DA:342,0
DA:343,0
DA:344,0
DA:345,0
DA:350,0
DA:358,1
DA:365,0
DA:373,0
DA:374,0
DA:377,0
DA:378,0
DA:379,0
DA:382,0
DA:383,0
DA:384,0
DA:385,0
DA:386,0
DA:388,0
DA:389,0
DA:391,0
DA:407,1
DA:413,0
DA:415,0
DA:417,0
DA:418,0
DA:419,0
DA:421,0
DA:422,0
DA:423,0
DA:424,0
DA:426,0
DA:427,0
DA:428,0
DA:429,0
DA:432,0
DA:433,0
DA:434,0
DA:436,0
DA:437,0
DA:438,0
DA:439,0
DA:440,0
DA:442,0
DA:443,0
DA:444,0
DA:445,0
DA:446,0
DA:447,0
DA:448,0
DA:449,0
DA:450,0
DA:452,0
LF:133
LH:35
FN:124,133,GateEvaluator.__init__
FNDA:0,GateEvaluator.__init__
FN:135,320,GateEvaluator.evaluate_agent
FNDA:0,GateEvaluator.evaluate_agent
FN:322,356,GateEvaluator.evaluate_all_agents
FNDA:0,GateEvaluator.evaluate_all_agents
FN:358,404,GateEvaluator._get_avg_metrics
FNDA:0,GateEvaluator._get_avg_metrics
FN:407,452,format_gate_report
FNDA:0,format_gate_report
FNF:5
FNH:0
end_of_record
SF:app\eval\generate_report.py
DA:10,0
DA:11,0
DA:12,0
DA:13,0
DA:14,0
DA:15,0
DA:16,0
DA:19,0
DA:21,0
DA:25,0
DA:31,0
DA:38,0
DA:44,0
DA:50,0
DA:57,0
DA:64,0
DA:70,0
DA:73,0
DA:75,0
DA:76,0
DA:78,0
DA:79,0
DA:80,0
DA:81,0
DA:82,0
DA:83,0
DA:84,0
DA:87,0
DA:96,0
DA:97,0
DA:98,0
DA:99,0
DA:100,0
DA:103,0
DA:104,0
DA:105,0
DA:106,0
DA:107,0
DA:110,0
DA:111,0
DA:112,0
DA:113,0
DA:116,0
DA:117,0
DA:120,0
DA:121,0
DA:123,0
DA:126,0
DA:127,0
DA:128,0
DA:129,0
DA:130,0
DA:132,0
DA:134,0
DA:135,0
DA:136,0
DA:139,0
DA:147,0
DA:148,0
DA:152,0
DA:154,0
DA:155,0
DA:156,0
DA:157,0
DA:158,0
DA:160,0
DA:163,0
DA:164,0
DA:166,0
DA:167,0
DA:168,0
DA:169,0
DA:171,0
DA:173,0
DA:174,0
DA:176,0
DA:178,0
DA:179,0
DA:180,0
DA:181,0
DA:182,0
DA:183,0
DA:184,0
DA:186,0
DA:188,0
DA:189,0
DA:192,0
DA:194,0
DA:197,0
DA:198,0
DA:201,0
DA:202,0
DA:204,0
DA:207,0
DA:208,0
DA:209,0
DA:210,0
DA:213,0
DA:214,0
DA:215,0
DA:216,0
DA:219,0
DA:220,0
DA:221,0
DA:222,0
DA:223,0
DA:224,0
DA:227,0
DA:228,0
DA:229,0
DA:230,0
DA:233,0
DA:261,0
DA:262,0
DA:263,0
DA:266,0
DA:267,0
DA:270,0
DA:271,0
DA:273,0
DA:276,0
DA:279,0
DA:280,0
LF:123
LH:0
FN:19,70,parse_args
FNDA:0,parse_args
FN:73,84,parse_week_start
FNDA:0,parse_week_start
FN:87,136,send_email
FNDA:0,send_email
FN:139,189,post_to_slack
FNDA:0,post_to_slack
FN:192,276,main
FNDA:0,main
FNF:5
FNH:0
end_of_record
SF:app\eval\intelligence_report.py
DA:17,1
DA:18,1
DA:19,1
DA:20,1
DA:21,1
DA:22,1
DA:23,1
DA:24,1
DA:27,1
DA:30,1
DA:31,0
DA:32,0
DA:33,0
DA:35,1
DA:50,0
DA:52,0
DA:53,0
DA:55,0
DA:56,0
DA:59,0
DA:65,0
DA:68,0
DA:69,0
DA:70,0
DA:73,0
DA:74,0
DA:77,0
DA:78,0
DA:79,0
DA:80,0
DA:88,0
DA:89,0
DA:90,0
DA:93,0
DA:94,0
DA:97,0
DA:98,0
DA:101,0
DA:102,0
DA:105,0
DA:106,0
DA:108,0
DA:110,1
DA:112,0
DA:114,0
DA:115,0
DA:118,0
DA:121,0
DA:122,0
DA:123,0
DA:124,0
DA:125,0
DA:126,0
DA:128,0
DA:129,0
DA:131,0
DA:134,0
DA:135,0
DA:136,0
DA:137,0
DA:138,0
DA:139,0
DA:140,0
DA:142,0
DA:144,1
DA:152,0
DA:154,0
DA:157,0
DA:158,0
DA:160,0
DA:163,0
DA:164,0
DA:165,0
DA:166,0
DA:167,0
DA:168,0
DA:169,0
DA:170,0
DA:171,0
DA:172,0
DA:173,0
DA:176,0
DA:177,0
DA:178,0
DA:180,0
DA:181,0
DA:182,0
DA:183,0
DA:185,0
DA:186,0
DA:188,0
DA:189,0
DA:192,0
DA:193,0
DA:194,0
DA:195,0
DA:196,0
DA:198,0
DA:200,0
DA:202,1
DA:204,0
DA:207,0
DA:208,0
DA:209,0
DA:211,0
DA:212,0
DA:213,0
DA:214,0
DA:215,0
DA:216,0
DA:218,0
DA:220,0
DA:221,0
DA:222,0
DA:223,0
DA:224,0
DA:226,0
DA:227,0
DA:228,0
DA:229,0
DA:230,0
DA:232,0
DA:233,0
DA:234,0
DA:235,0
DA:237,0
DA:239,1
DA:241,0
DA:243,0
DA:246,0
DA:251,0
DA:252,0
DA:253,0
DA:255,0
DA:256,0
DA:257,0
DA:258,0
DA:261,0
DA:262,0
DA:263,0
DA:264,0
DA:266,0
DA:267,0
DA:268,0
DA:269,0
DA:271,0
DA:273,0
DA:275,1
DA:277,0
DA:279,0
DA:282,0
DA:287,0
DA:294,0
DA:295,0
DA:296,0
DA:298,0
DA:299,0
DA:300,0
DA:302,0
DA:304,0
DA:305,0
DA:306,0
DA:307,0
DA:310,0
DA:311,0
DA:313,0
DA:315,1
DA:317,0
DA:318,0
DA:321,0
DA:322,0
DA:323,0
DA:324,0
DA:325,0
DA:329,0
DA:330,0
DA:334,0
DA:335,0
DA:339,0
DA:340,0
DA:344,0
DA:345,0
DA:351,0
DA:353,0
DA:354,0
DA:355,0
DA:357,0
DA:359,0
DA:362,1
DA:378,0
DA:379,0
DA:382,0
DA:383,0
DA:384,0
DA:385,0
DA:388,0
DA:389,0
DA:390,0
DA:391,0
DA:396,0
DA:397,0
DA:399,0
DA:400,0
DA:401,0
DA:403,0
DA:406,1
DA:416,0
DA:417,0
DA:418,0
DA:419,0
DA:421,0
LF:211
LH:19
FN:30,33,ReportGenerator.__init__
FNDA:0,ReportGenerator.__init__
FN:35,108,ReportGenerator.generate_weekly_report
FNDA:0,ReportGenerator.generate_weekly_report
FN:110,142,ReportGenerator._generate_summary
FNDA:0,ReportGenerator._generate_summary
FN:144,200,ReportGenerator._generate_agent_section
FNDA:0,ReportGenerator._generate_agent_section
FN:202,237,ReportGenerator._generate_violations_section
FNDA:0,ReportGenerator._generate_violations_section
FN:239,273,ReportGenerator._generate_invariants_section
FNDA:0,ReportGenerator._generate_invariants_section
FN:275,313,ReportGenerator._generate_redteam_section
FNDA:0,ReportGenerator._generate_redteam_section
FN:315,359,ReportGenerator._generate_recommendations
FNDA:0,ReportGenerator._generate_recommendations
FN:362,403,generate_report_cli
FNDA:0,generate_report_cli
FN:406,421,format_report_as_html
FNDA:0,format_report_as_html
FNF:10
FNH:0
end_of_record
SF:app\eval\judges.py
DA:7,1
DA:8,1
DA:11,1
DA:14,1
DA:15,1
DA:22,1
DA:24,0
DA:26,0
DA:27,0
DA:30,0
DA:31,0
DA:33,0
DA:34,0
DA:35,0
DA:36,0
DA:38,0
DA:39,0
DA:40,0
DA:41,0
DA:42,0
DA:43,0
DA:45,0
DA:46,0
DA:49,0
DA:50,0
DA:52,0
DA:53,0
DA:54,0
DA:56,0
DA:59,0
DA:60,0
DA:62,0
DA:63,0
DA:64,0
DA:65,0
DA:66,0
DA:67,0
DA:69,0
DA:70,0
DA:72,0
DA:73,0
DA:76,1
DA:79,1
DA:80,1
DA:87,1
DA:89,0
DA:91,0
DA:92,0
DA:95,0
DA:96,0
DA:98,0
DA:99,0
DA:100,0
DA:101,0
DA:103,0
DA:104,0
DA:105,0
DA:107,0
DA:110,0
DA:111,0
DA:113,0
DA:114,0
DA:115,0
DA:117,0
DA:120,0
DA:121,0
DA:123,0
DA:124,0
DA:125,0
DA:126,0
DA:127,0
DA:128,0
DA:130,0
DA:131,0
DA:134,1
DA:137,1
DA:138,1
DA:145,1
DA:147,0
DA:149,0
DA:150,0
DA:153,0
DA:154,0
DA:156,0
DA:157,0
DA:158,0
DA:159,0
DA:160,0
DA:161,0
DA:162,0
DA:164,0
DA:167,0
DA:168,0
DA:170,0
DA:171,0
DA:172,0
DA:173,0
DA:174,0
DA:175,0
DA:177,0
DA:180,0
DA:181,0
DA:183,0
DA:184,0
DA:185,0
DA:186,0
DA:187,0
DA:188,0
DA:190,0
DA:192,0
DA:193,0
DA:196,1
DA:199,1
DA:200,1
DA:207,1
DA:209,0
DA:211,0
DA:212,0
DA:215,0
DA:216,0
DA:218,0
DA:219,0
DA:220,0
DA:222,0
DA:225,0
DA:226,0
DA:228,0
DA:229,0
DA:230,0
DA:231,0
DA:233,0
DA:234,0
DA:235,0
DA:236,0
DA:238,0
DA:239,0
DA:242,0
DA:243,0
DA:245,0
DA:246,0
DA:247,0
DA:249,0
DA:251,0
DA:252,0
DA:256,1
DA:264,1
DA:266,0
DA:267,0
DA:268,0
DA:273,1
DA:276,1
DA:277,1
DA:285,1
DA:287,0
DA:290,0
DA:291,0
DA:292,0
DA:295,0
DA:296,0
DA:299,0
DA:300,0
DA:302,0
DA:305,1
DA:308,1
DA:309,1
DA:317,1
DA:319,0
DA:320,0
DA:321,0
DA:323,0
DA:324,0
DA:326,0
DA:328,0
DA:329,0
DA:331,0
DA:334,1
DA:337,1
DA:338,1
DA:346,1
DA:348,0
DA:350,0
DA:351,0
DA:353,0
DA:356,1
DA:359,1
DA:360,1
DA:368,1
DA:370,0
DA:373,0
DA:374,0
DA:375,0
DA:378,0
DA:379,0
DA:381,0
DA:382,0
DA:384,0
DA:388,1
DA:396,1
DA:398,0
DA:399,0
DA:400,0
LF:201
LH:38
FN:14,20,RiskAccuracyJudge.__init__
FNDA:1,RiskAccuracyJudge.__init__
FN:22,73,RiskAccuracyJudge.score
FNDA:0,RiskAccuracyJudge.score
FN:79,85,SyncAccuracyJudge.__init__
FNDA:1,SyncAccuracyJudge.__init__
FN:87,131,SyncAccuracyJudge.score
FNDA:0,SyncAccuracyJudge.score
FN:137,143,InsightsQualityJudge.__init__
FNDA:1,InsightsQualityJudge.__init__
FN:145,193,InsightsQualityJudge.score
FNDA:0,InsightsQualityJudge.score
FN:199,205,WarehouseHealthJudge.__init__
FNDA:1,WarehouseHealthJudge.__init__
FN:207,252,WarehouseHealthJudge.score
FNDA:0,WarehouseHealthJudge.score
FN:264,268,get_judge
FNDA:0,get_judge
FN:276,283,NoFalseNegativesPhishingInvariant.__init__
FNDA:1,NoFalseNegativesPhishingInvariant.__init__
FN:285,302,NoFalseNegativesPhishingInvariant.check
FNDA:0,NoFalseNegativesPhishingInvariant.check
FN:308,315,SyncCompletionInvariant.__init__
FNDA:1,SyncCompletionInvariant.__init__
FN:317,331,SyncCompletionInvariant.check
FNDA:0,SyncCompletionInvariant.check
FN:337,344,InsightsDataQualityInvariant.__init__
FNDA:1,InsightsDataQualityInvariant.__init__
FN:346,353,InsightsDataQualityInvariant.check
FNDA:0,InsightsDataQualityInvariant.check
FN:359,366,WarehouseParityInvariant.__init__
FNDA:1,WarehouseParityInvariant.__init__
FN:368,384,WarehouseParityInvariant.check
FNDA:0,WarehouseParityInvariant.check
FN:396,400,get_invariant
FNDA:0,get_invariant
FNF:18
FNH:8
end_of_record
SF:app\eval\metrics.py
DA:14,1
DA:15,1
DA:16,1
DA:17,1
DA:18,1
DA:19,1
DA:23,1
DA:29,1
DA:36,1
DA:43,1
DA:49,1
DA:55,1
DA:61,1
DA:68,1
DA:75,1
DA:81,1
DA:87,1
DA:94,1
DA:101,1
DA:107,1
DA:113,1
DA:120,1
DA:126,1
DA:132,1
DA:138,1
DA:145,1
DA:151,1
DA:154,1
DA:155,0
DA:157,1
DA:167,0
DA:174,0
DA:176,0
DA:181,0
DA:182,0
DA:183,0
DA:184,0
DA:185,0
DA:188,0
DA:189,0
DA:190,0
DA:191,0
DA:194,0
DA:200,0
DA:202,1
DA:204,0
DA:205,0
DA:208,0
DA:211,0
DA:212,0
DA:215,0
DA:216,0
DA:217,0
DA:218,0
DA:219,0
DA:222,0
DA:223,0
DA:224,0
DA:225,0
DA:226,0
DA:227,0
DA:228,0
DA:229,0
DA:232,0
DA:233,0
DA:236,0
DA:237,0
DA:238,0
DA:242,0
DA:243,0
DA:244,0
DA:247,0
DA:248,0
DA:250,0
DA:253,0
DA:254,0
DA:255,0
DA:256,0
DA:259,0
DA:260,0
DA:261,0
DA:262,0
DA:265,0
DA:266,0
DA:267,0
DA:269,0
DA:270,0
DA:271,0
DA:274,0
DA:275,0
DA:276,0
DA:277,0
DA:279,1
DA:287,0
DA:288,0
DA:294,1
DA:298,0
DA:301,1
DA:303,0
LF:99
LH:33
FN:154,155,MetricsExporter.__init__
FNDA:0,MetricsExporter.__init__
FN:157,200,MetricsExporter.export_all_metrics
FNDA:0,MetricsExporter.export_all_metrics
FN:202,277,MetricsExporter._export_agent_metrics
FNDA:0,MetricsExporter._export_agent_metrics
FN:279,292,MetricsExporter.export_budget_violations
FNDA:0,MetricsExporter.export_budget_violations
FN:294,298,MetricsExporter.reset_all_metrics
FNDA:0,MetricsExporter.reset_all_metrics
FN:301,303,get_metrics_exporter
FNDA:0,get_metrics_exporter
FNF:6
FNH:0
end_of_record
SF:app\eval\models.py
DA:4,1
DA:5,1
DA:6,1
DA:9,1
DA:12,1
DA:13,1
DA:14,1
DA:15,1
DA:16,1
DA:17,1
DA:18,1
DA:19,1
DA:20,1
DA:22,1
DA:23,1
DA:45,1
DA:48,1
DA:49,1
DA:50,1
DA:53,1
DA:54,1
DA:55,1
DA:56,1
DA:57,1
DA:60,1
DA:61,1
DA:62,1
DA:63,1
DA:66,1
DA:67,1
DA:70,1
DA:73,1
DA:74,1
DA:75,1
DA:78,1
DA:79,1
DA:81,1
DA:88,0
DA:91,1
DA:94,1
DA:95,1
DA:96,1
DA:97,1
DA:98,1
DA:100,1
DA:107,0
DA:110,1
DA:113,1
DA:114,1
DA:115,1
DA:116,1
DA:117,1
DA:119,1
DA:121,0
DA:123,1
DA:125,0
DA:126,0
DA:127,0
DA:128,0
DA:131,1
DA:134,1
DA:135,1
DA:136,1
DA:137,1
DA:140,1
DA:143,1
DA:144,1
DA:145,1
DA:146,1
DA:147,1
DA:150,1
DA:151,1
DA:152,1
DA:155,1
DA:157,1
DA:159,0
DA:160,0
DA:162,1
DA:164,0
DA:165,0
DA:167,0
DA:168,0
DA:169,0
DA:170,0
DA:171,0
DA:174,0
DA:175,0
DA:176,0
DA:177,0
DA:178,0
DA:181,0
DA:182,0
DA:183,0
DA:184,0
DA:185,0
DA:187,0
DA:192,1
DA:194,0
LF:98
LH:70
FN:81,88,Judge.score
FNDA:0,Judge.score
FN:100,107,Invariant.check
FNDA:0,Invariant.check
FN:119,121,EvalSuite.add_task
FNDA:0,EvalSuite.add_task
FN:123,128,EvalSuite.get_task
FNDA:0,EvalSuite.get_task
FN:157,160,EvalRun.add_result
FNDA:0,EvalRun.add_result
FN:162,190,EvalRun._recompute_metrics
FNDA:0,EvalRun._recompute_metrics
FN:192,208,EvalRun.to_jsonl_record
FNDA:0,EvalRun.to_jsonl_record
FNF:7
FNH:0
end_of_record
SF:app\eval\run_gates.py
DA:26,0
DA:27,0
DA:28,0
DA:29,0
DA:30,0
DA:31,0
DA:34,0
DA:35,0
DA:36,0
DA:37,0
DA:38,0
DA:41,0
DA:42,0
DA:45,0
DA:50,0
DA:56,0
DA:62,0
DA:67,0
DA:73,0
DA:79,0
DA:81,0
DA:83,0
DA:84,0
DA:85,0
DA:87,0
DA:89,0
DA:96,0
DA:97,0
DA:98,0
DA:99,0
DA:102,0
DA:108,0
DA:109,0
DA:110,0
DA:111,0
DA:114,0
DA:115,0
DA:117,0
DA:118,0
DA:119,0
DA:131,0
DA:132,0
DA:134,0
DA:145,0
DA:146,0
DA:148,0
DA:151,0
DA:152,0
DA:155,0
DA:156,0
DA:159,0
DA:161,0
DA:162,0
DA:165,0
DA:166,0
DA:168,0
DA:169,0
DA:170,0
DA:171,0
DA:173,0
DA:176,0
DA:179,0
DA:181,0
DA:183,0
DA:184,0
DA:186,0
DA:187,0
DA:195,0
DA:196,0
DA:198,0
DA:201,0
DA:203,0
DA:205,0
DA:206,0
DA:207,0
DA:208,0
DA:210,0
DA:213,0
DA:214,0
LF:79
LH:0
FN:41,176,main
FNDA:0,main
FN:179,198,_create_incidents_for_agent
FNDA:0,_create_incidents_for_agent
FN:201,210,_create_incidents_for_all
FNDA:0,_create_incidents_for_all
FNF:3
FNH:0
end_of_record
SF:app\eval\runner.py
DA:11,1
DA:12,1
DA:13,1
DA:14,1
DA:15,1
DA:16,1
DA:17,1
DA:18,1
DA:21,1
DA:29,1
DA:36,0
DA:43,0
DA:46,0
DA:47,0
DA:48,0
DA:49,0
DA:50,0
DA:51,0
DA:52,0
DA:53,0
DA:55,0
DA:57,1
DA:60,0
DA:61,0
DA:62,0
DA:64,0
DA:69,0
DA:74,0
DA:75,0
DA:76,0
DA:77,0
DA:78,0
DA:79,0
DA:80,0
DA:81,0
DA:82,0
DA:83,0
DA:84,0
DA:85,0
DA:86,0
DA:87,0
DA:88,0
DA:89,0
DA:90,0
DA:91,0
DA:92,0
DA:93,0
DA:94,0
DA:95,0
DA:96,0
DA:97,0
DA:98,0
DA:100,0
DA:101,0
DA:102,0
DA:103,0
DA:105,0
DA:112,1
DA:114,0
DA:115,0
DA:116,0
DA:119,0
DA:120,0
DA:122,0
DA:132,1
DA:134,0
DA:135,0
DA:136,0
DA:139,0
DA:140,0
DA:141,0
DA:142,0
DA:143,0
DA:146,0
DA:147,0
DA:148,0
DA:149,0
DA:150,0
DA:152,0
DA:165,1
DA:167,0
DA:168,0
DA:171,0
DA:172,0
DA:173,0
DA:175,0
DA:176,0
DA:179,0
DA:180,0
DA:181,0
DA:182,0
DA:183,0
DA:184,0
DA:185,0
DA:187,0
DA:188,0
DA:189,0
DA:190,0
DA:192,0
DA:193,0
DA:195,0
DA:208,1
DA:211,1
DA:219,0
DA:220,0
DA:221,0
DA:222,0
DA:224,1
DA:234,0
DA:235,0
DA:242,0
DA:244,0
DA:245,0
DA:246,0
DA:248,0
DA:249,0
DA:252,0
DA:255,0
DA:257,0
DA:259,1
DA:261,0
DA:263,0
DA:265,0
DA:268,0
DA:271,0
DA:272,0
DA:275,0
DA:276,0
DA:278,0
DA:279,0
DA:280,0
DA:282,0
DA:283,0
DA:285,0
DA:288,0
DA:304,0
DA:305,0
DA:307,0
DA:323,1
DA:325,0
DA:326,0
DA:328,0
DA:330,0
DA:333,0
DA:334,0
DA:336,0
DA:337,0
DA:338,0
DA:340,0
DA:342,1
DA:344,0
DA:345,0
DA:346,0
DA:347,0
DA:348,0
DA:349,0
DA:350,0
DA:351,0
DA:352,0
DA:353,0
DA:354,0
DA:355,0
DA:357,0
DA:358,0
DA:360,0
DA:361,0
DA:362,0
DA:363,0
DA:365,0
LF:169
LH:20
FN:29,55,MockAgentExecutor.execute
FNDA:0,MockAgentExecutor.execute
FN:57,110,MockAgentExecutor._mock_inbox_output
FNDA:0,MockAgentExecutor._mock_inbox_output
FN:112,130,MockAgentExecutor._mock_knowledge_output
FNDA:0,MockAgentExecutor._mock_knowledge_output
FN:132,163,MockAgentExecutor._mock_insights_output
FNDA:0,MockAgentExecutor._mock_insights_output
FN:165,205,MockAgentExecutor._mock_warehouse_output
FNDA:0,MockAgentExecutor._mock_warehouse_output
FN:211,222,EvalRunner.__init__
FNDA:0,EvalRunner.__init__
FN:224,257,EvalRunner.run_suite
FNDA:0,EvalRunner.run_suite
FN:259,321,EvalRunner._run_task
FNDA:0,EvalRunner._run_task
FN:323,340,EvalRunner._export_run
FNDA:0,EvalRunner._export_run
FN:342,365,EvalRunner._print_summary
FNDA:0,EvalRunner._print_summary
FNF:10
FNH:0
end_of_record
SF:app\eval\tasks\__init__.py
DA:4,0
DA:5,0
DA:6,0
DA:7,0
DA:9,0
LF:5
LH:0
end_of_record
SF:app\eval\tasks\tasks_inbox.py
DA:11,0
DA:12,0
DA:15,0
DA:17,0
DA:233,0
DA:235,0
DA:242,0
LF:7
LH:0
FN:15,230,get_inbox_tasks
FNDA:0,get_inbox_tasks
FN:233,242,get_inbox_suite
FNDA:0,get_inbox_suite
FNF:2
FNH:0
end_of_record
SF:app\eval\tasks\tasks_insights.py
DA:10,0
DA:11,0
DA:14,0
DA:16,0
DA:227,0
DA:229,0
DA:236,0
LF:7
LH:0
FN:14,224,get_insights_tasks
FNDA:0,get_insights_tasks
FN:227,236,get_insights_suite
FNDA:0,get_insights_suite
FNF:2
FNH:0
end_of_record
SF:app\eval\tasks\tasks_knowledge.py
DA:10,0
DA:11,0
DA:14,0
DA:16,0
DA:196,0
DA:198,0
DA:205,0
LF:7
LH:0
FN:14,193,get_knowledge_tasks
FNDA:0,get_knowledge_tasks
FN:196,205,get_knowledge_suite
FNDA:0,get_knowledge_suite
FNF:2
FNH:0
end_of_record
SF:app\eval\tasks\tasks_warehouse.py
DA:10,0
DA:11,0
DA:14,0
DA:16,0
DA:259,0
DA:261,0
DA:268,0
LF:7
LH:0
FN:14,256,get_warehouse_tasks
FNDA:0,get_warehouse_tasks
FN:259,268,get_warehouse_suite
FNDA:0,get_warehouse_suite
FNF:2
FNH:0
end_of_record
SF:app\eval\telemetry.py
DA:15,1
DA:16,1
DA:17,1
DA:18,1
DA:19,1
DA:20,1
DA:21,1
DA:22,1
DA:23,1
DA:26,1
DA:29,1
DA:30,0
DA:32,1
DA:53,0
DA:56,0
DA:61,0
DA:62,0
DA:69,0
DA:72,0
DA:73,0
DA:74,0
DA:75,0
DA:78,0
DA:79,0
DA:80,0
DA:81,0
DA:83,0
DA:86,1
DA:97,1
DA:105,0
DA:106,0
DA:108,1
DA:110,0
DA:112,1
DA:140,0
DA:150,0
DA:151,0
DA:152,0
DA:153,0
DA:154,0
DA:155,0
DA:158,0
DA:159,0
DA:161,0
DA:162,0
DA:163,0
DA:164,0
DA:166,0
DA:167,0
DA:169,0
DA:170,0
DA:172,0
DA:175,0
DA:193,0
DA:195,0
DA:197,1
DA:199,0
DA:202,0
DA:207,0
DA:208,0
DA:215,0
DA:218,0
DA:219,0
DA:220,0
DA:221,0
DA:224,0
DA:225,0
DA:229,0
DA:232,0
DA:233,0
DA:234,0
DA:235,0
DA:236,0
DA:238,0
DA:239,0
DA:244,0
DA:245,0
DA:248,0
DA:249,0
DA:251,0
DA:252,0
DA:253,0
DA:254,0
DA:255,0
DA:257,0
DA:260,1
DA:271,1
DA:272,1
DA:274,0
DA:343,1
DA:344,1
DA:346,0
DA:372,1
DA:373,1
DA:375,0
DA:401,1
DA:402,1
DA:404,0
DA:430,1
DA:431,1
DA:433,0
DA:441,1
DA:444,1
DA:445,0
DA:447,1
DA:464,0
DA:470,1
DA:485,0
DA:486,0
DA:488,0
DA:489,0
DA:498,0
DA:499,0
DA:502,0
DA:507,0
DA:508,0
DA:510,0
DA:511,0
DA:512,0
DA:518,0
DA:519,0
DA:520,0
DA:521,0
DA:523,0
DA:537,1
DA:554,0
DA:556,0
DA:557,0
DA:559,0
DA:560,0
DA:562,0
DA:564,0
DA:565,0
DA:575,0
DA:576,0
DA:577,0
DA:579,0
DA:580,0
DA:587,0
LF:139
LH:33
FN:29,30,FeedbackCollector.__init__
FNDA:0,FeedbackCollector.__init__
FN:32,83,FeedbackCollector.record_feedback
FNDA:0,FeedbackCollector.record_feedback
FN:97,106,OnlineEvaluator.__init__
FNDA:0,OnlineEvaluator.__init__
FN:108,110,OnlineEvaluator.should_sample
FNDA:0,OnlineEvaluator.should_sample
FN:112,195,OnlineEvaluator.evaluate_run
FNDA:0,OnlineEvaluator.evaluate_run
FN:197,257,OnlineEvaluator._update_daily_metrics
FNDA:0,OnlineEvaluator._update_daily_metrics
FN:272,341,RedTeamCatalog.get_inbox_redteam_tasks
FNDA:0,RedTeamCatalog.get_inbox_redteam_tasks
FN:344,370,RedTeamCatalog.get_knowledge_redteam_tasks
FNDA:0,RedTeamCatalog.get_knowledge_redteam_tasks
FN:373,399,RedTeamCatalog.get_insights_redteam_tasks
FNDA:0,RedTeamCatalog.get_insights_redteam_tasks
FN:402,428,RedTeamCatalog.get_warehouse_redteam_tasks
FNDA:0,RedTeamCatalog.get_warehouse_redteam_tasks
FN:431,438,RedTeamCatalog.get_all_redteam_tasks
FNDA:0,RedTeamCatalog.get_all_redteam_tasks
FN:444,445,MetricsAggregator.__init__
FNDA:0,MetricsAggregator.__init__
FN:447,468,MetricsAggregator.get_agent_metrics
FNDA:0,MetricsAggregator.get_agent_metrics
FN:470,535,MetricsAggregator.get_weekly_summary
FNDA:0,MetricsAggregator.get_weekly_summary
FN:537,587,MetricsAggregator.detect_regression
FNDA:0,MetricsAggregator.detect_regression
FNF:15
FNH:0
end_of_record
SF:app\events\__init__.py
DA:3,1
DA:9,1
LF:2
LH:2
end_of_record
SF:app\events\bus.py
DA:6,1
DA:8,1
DA:9,1
DA:10,1
DA:11,1
DA:14,1
DA:15,1
DA:25,1
DA:26,1
DA:27,1
DA:28,1
DA:29,1
DA:31,1
DA:37,0
DA:40,0
DA:46,0
DA:52,0
DA:55,1
DA:62,1
DA:64,0
DA:65,0
DA:67,1
DA:73,0
DA:75,0
DA:76,0
DA:78,0
DA:79,0
DA:80,0
DA:81,0
DA:84,0
DA:85,0
DA:86,0
DA:88,1
DA:94,0
DA:96,0
DA:97,0
DA:98,0
DA:99,0
DA:101,0
DA:103,1
DA:112,0
DA:113,0
DA:114,0
DA:115,0
DA:118,0
DA:119,0
DA:121,0
DA:123,1
DA:124,1
DA:130,0
DA:134,1
DA:137,1
DA:144,0
DA:145,0
DA:146,0
DA:149,1
DA:156,0
LF:57
LH:23
FN:31,52,AgentEvent.to_sse
FNDA:0,AgentEvent.to_sse
FN:62,65,EventBus.__init__
FNDA:0,EventBus.__init__
FN:67,86,EventBus.subscribe
FNDA:0,EventBus.subscribe
FN:88,101,EventBus.publish
FNDA:0,EventBus.publish
FN:103,121,EventBus.publish_sync
FNDA:0,EventBus.publish_sync
FN:124,130,EventBus.subscriber_count
FNDA:0,EventBus.subscriber_count
FN:137,146,get_event_bus
FNDA:0,get_event_bus
FN:149,156,set_event_bus
FNDA:0,set_event_bus
FNF:8
FNH:0
end_of_record
SF:app\gmail.py
DA:14,0
DA:15,0
DA:16,0
DA:18,0
DA:19,0
DA:20,0
DA:23,0
DA:25,0
DA:31,0
DA:34,0
DA:41,0
DA:42,0
DA:44,0
DA:53,0
DA:54,0
DA:57,0
DA:60,0
DA:62,0
DA:63,0
DA:64,0
DA:66,0
DA:67,0
DA:68,0
DA:69,0
DA:70,0
DA:73,0
DA:80,0
DA:81,0
DA:83,0
DA:84,0
DA:85,0
DA:87,0
DA:88,0
DA:89,0
DA:91,0
DA:94,0
DA:96,0
DA:97,0
DA:98,0
DA:99,0
DA:100,0
DA:101,0
DA:102,0
DA:105,0
DA:115,0
DA:117,0
DA:118,0
DA:120,0
DA:121,0
DA:122,0
DA:123,0
DA:125,0
DA:126,0
DA:128,0
DA:130,0
DA:131,0
DA:132,0
DA:133,0
DA:135,0
DA:138,0
DA:149,0
DA:150,0
DA:153,0
DA:160,0
DA:161,0
DA:162,0
DA:165,0
DA:166,0
DA:169,0
DA:170,0
DA:171,0
DA:173,0
DA:181,0
DA:183,0
DA:184,0
DA:185,0
DA:187,0
DA:188,0
DA:189,0
DA:190,0
DA:192,0
DA:193,0
DA:196,0
DA:202,0
DA:204,0
DA:205,0
DA:206,0
DA:207,0
DA:208,0
DA:210,0
LF:90
LH:0
FN:23,31,is_configured
FNDA:0,is_configured
FN:34,54,get_gmail_service
FNDA:0,get_gmail_service
FN:57,70,decode_base64url
FNDA:0,decode_base64url
FN:73,91,flatten_parts
FNDA:0,flatten_parts
FN:94,102,extract_headers
FNDA:0,extract_headers
FN:105,135,extract_body
FNDA:0,extract_body
FN:138,193,fetch_thread_latest
FNDA:0,fetch_thread_latest
FN:196,210,sync_fetch_thread_latest
FNDA:0,sync_fetch_thread_latest
FNF:8
FNH:0
end_of_record
SF:app\gmail_providers.py
DA:11,1
DA:13,1
DA:14,1
DA:15,1
DA:16,1
DA:18,1
DA:19,1
DA:20,1
DA:21,1
DA:23,1
DA:26,1
DA:29,1
DA:32,1
DA:39,1
DA:41,0
DA:42,0
DA:45,0
DA:48,0
DA:49,0
DA:50,0
DA:52,0
DA:53,0
DA:54,0
DA:55,0
DA:56,0
DA:59,1
DA:66,0
DA:67,0
DA:69,0
DA:70,0
DA:72,0
DA:73,0
DA:74,0
DA:77,0
DA:78,0
DA:80,0
DA:83,1
DA:89,0
DA:90,0
DA:93,0
DA:94,0
DA:95,0
DA:96,0
DA:99,0
DA:100,0
DA:103,0
DA:106,0
DA:107,0
DA:109,0
DA:110,0
DA:112,0
DA:113,0
DA:115,0
DA:116,0
DA:119,0
DA:120,0
DA:121,0
DA:122,0
DA:123,0
DA:124,0
DA:127,0
DA:132,0
DA:141,0
DA:151,1
DA:160,0
DA:161,0
DA:163,0
DA:164,0
DA:167,0
DA:169,0
DA:170,0
DA:171,0
DA:172,0
DA:174,0
DA:175,0
DA:178,0
DA:179,0
DA:181,0
DA:182,0
DA:183,0
DA:185,0
DA:187,0
DA:195,0
DA:196,0
DA:197,0
DA:200,0
DA:201,0
DA:204,0
DA:205,0
DA:207,0
DA:208,0
DA:210,0
DA:212,0
DA:215,0
DA:216,0
DA:217,0
DA:218,0
DA:220,0
DA:221,0
DA:223,0
DA:225,0
DA:227,0
DA:229,0
DA:232,1
DA:234,0
DA:237,1
DA:244,0
DA:245,0
DA:249,0
DA:255,0
DA:257,0
DA:259,0
DA:268,0
DA:269,0
DA:272,0
DA:275,0
DA:282,0
DA:283,0
DA:284,0
DA:287,0
DA:292,0
DA:295,0
DA:299,0
DA:301,0
DA:303,0
DA:304,0
DA:305,0
DA:307,0
DA:308,0
DA:310,0
DA:313,1
DA:325,0
DA:326,0
DA:330,0
DA:331,0
DA:333,0
DA:334,0
DA:336,0
DA:345,0
DA:346,0
DA:347,0
DA:348,0
DA:349,0
DA:350,0
DA:353,0
DA:356,0
DA:363,0
DA:364,0
DA:365,0
DA:368,0
DA:375,0
DA:378,0
DA:382,0
DA:384,0
DA:385,0
DA:386,0
DA:387,0
DA:388,0
DA:389,0
DA:392,0
DA:394,0
DA:397,1
DA:405,0
DA:406,0
DA:409,0
DA:411,0
DA:413,0
DA:419,1
DA:421,0
DA:429,1
DA:431,0
DA:432,0
DA:435,1
DA:437,0
DA:439,0
DA:440,0
DA:441,0
DA:442,0
DA:443,0
DA:445,0
LF:180
LH:24
FN:32,36,GmailProvider.fetch_thread_latest
FNDA:0,GmailProvider.fetch_thread_latest
FN:39,56,_decode_body
FNDA:0,_decode_body
FN:59,80,_flatten_parts
FNDA:0,_flatten_parts
FN:83,148,_parts_to_extractable
FNDA:0,_parts_to_extractable
FN:151,229,_maybe_parse_pdf_text
FNDA:0,_maybe_parse_pdf_text
FN:232,234,_build_service
FNDA:0,_build_service
FN:237,310,single_user_provider
FNDA:0,single_user_provider
FN:245,308,single_user_provider.SingleUserProvider.fetch_thread_latest
FNDA:0,single_user_provider.SingleUserProvider.fetch_thread_latest
FN:313,394,db_backed_provider
FNDA:0,db_backed_provider
FN:326,392,db_backed_provider.DbBackedProvider.fetch_thread_latest
FNDA:0,db_backed_provider.DbBackedProvider.fetch_thread_latest
FN:397,413,mock_provider
FNDA:0,mock_provider
FN:406,411,mock_provider.MockProvider.fetch_thread_latest
FNDA:0,mock_provider.MockProvider.fetch_thread_latest
FN:419,426,is_configured
FNDA:0,is_configured
FN:429,432,fetch_thread_latest
FNDA:0,fetch_thread_latest
FN:435,445,sync_fetch_thread_latest
FNDA:0,sync_fetch_thread_latest
FNF:15
FNH:0
end_of_record
SF:app\gmail_service.py
DA:1,1
DA:2,1
DA:3,1
DA:4,1
DA:5,1
DA:6,1
DA:8,1
DA:9,1
[...]
FNDA:0,job_update_judge_weights
FN:100,122,job_sample_review_queue
FNDA:0,job_sample_review_queue
FN:125,136,job_watch_incidents
FNDA:0,job_watch_incidents
FN:139,168,job_check_canary_deployments
FNDA:0,job_check_canary_deployments
FN:176,246,setup_scheduled_jobs
FNDA:0,setup_scheduled_jobs
FN:249,253,shutdown_scheduler
FNDA:0,shutdown_scheduler
FN:261,273,run_job_now
FNDA:0,run_job_now
FN:276,290,list_scheduled_jobs
FNDA:0,list_scheduled_jobs
FNF:11
FNH:0
end_of_record
SF:app\schemas.py
DA:1,1
DA:2,1
DA:4,1
DA:7,1
DA:8,1
DA:9,1
DA:10,1
DA:11,1
DA:12,1
DA:13,1
DA:14,1
DA:15,1
DA:16,1
DA:17,1
DA:18,1
DA:20,1
DA:21,1
DA:25,1
DA:26,1
DA:27,1
DA:30,1
DA:31,1
DA:32,1
DA:33,1
DA:36,1
DA:37,1
DA:38,1
DA:39,1
LF:28
LH:28
end_of_record
SF:app\schemas_approvals.py
DA:7,1
DA:8,1
DA:9,1
DA:12,1
DA:15,1
DA:16,1
DA:17,1
DA:18,1
DA:19,1
DA:20,1
DA:21,1
DA:24,1
DA:27,1
DA:28,1
DA:29,1
DA:30,1
DA:31,1
DA:32,1
DA:34,1
DA:35,1
DA:36,1
DA:38,1
DA:39,1
DA:41,1
DA:44,1
DA:45,1
DA:47,1
DA:48,1
DA:49,1
DA:51,1
DA:52,1
DA:54,1
DA:55,1
DA:58,1
DA:61,1
DA:62,1
DA:63,1
DA:66,1
DA:69,1
DA:70,1
DA:71,1
DA:74,1
DA:77,1
DA:78,1
DA:79,1
DA:80,1
DA:81,1
LF:47
LH:47
end_of_record
SF:app\scripts\__init__.py
end_of_record
SF:app\scripts\backfill_users.py
DA:9,0
DA:10,0
DA:11,0
DA:12,0
DA:13,0
DA:14,0
DA:16,0
DA:19,0
DA:21,0
DA:22,0
DA:23,0
DA:29,0
DA:30,0
DA:31,0
DA:32,0
DA:34,0
DA:35,0
DA:38,0
DA:41,0
DA:44,0
DA:47,0
DA:50,0
DA:51,0
DA:53,0
DA:55,0
DA:56,0
DA:57,0
DA:58,0
DA:59,0
DA:60,0
DA:63,0
DA:64,0
DA:65,0
DA:67,0
DA:68,0
DA:69,0
DA:72,0
DA:73,0
DA:74,0
DA:75,0
DA:76,0
DA:78,0
DA:79,0
DA:80,0
DA:81,0
DA:82,0
DA:83,0
DA:84,0
LF:48
LH:0
FN:19,35,ensure_user
FNDA:0,ensure_user
FN:38,69,run
FNDA:0,run
FNF:2
FNH:0
end_of_record
SF:app\scripts\create_audit_index.py
DA:15,0
DA:16,0
DA:18,0
DA:21,0
DA:24,0
DA:25,0
DA:27,0
DA:28,0
DA:30,0
DA:32,0
DA:35,0
DA:36,0
DA:37,0
DA:40,0
DA:86,0
DA:87,0
DA:88,0
DA:89,0
DA:90,0
DA:91,0
DA:92,0
DA:93,0
DA:94,0
DA:95,0
DA:96,0
DA:97,0
DA:98,0
DA:99,0
DA:100,0
DA:103,0
DA:104,0
LF:31
LH:0
FN:21,100,create_audit_index
FNDA:0,create_audit_index
FNF:1
FNH:0
end_of_record
SF:app\scripts\demo_reset.py
DA:8,1
DA:9,1
DA:10,1
DA:11,1
DA:12,1
DA:13,1
DA:14,1
DA:15,1
DA:16,1
DA:18,1
DA:19,1
DA:21,1
DA:22,1
DA:25,1
DA:27,0
DA:29,0
DA:30,0
DA:32,0
DA:33,0
DA:34,0
DA:35,0
DA:40,0
DA:41,0
DA:42,0
DA:44,0
DA:48,0
DA:51,0
DA:52,0
DA:53,0
DA:54,0
DA:55,0
DA:58,0
DA:59,0
DA:60,0
DA:61,0
DA:62,0
DA:65,0
DA:66,0
DA:67,0
DA:68,0
DA:70,0
DA:71,0
DA:74,0
DA:75,0
DA:76,0
DA:80,0
DA:86,0
DA:87,0
DA:89,0
DA:90,0
DA:93,0
DA:94,0
DA:95,0
DA:97,0
DA:98,0
DA:99,0
DA:102,0
DA:111,0
DA:112,0
DA:114,0
DA:115,0
DA:118,0
DA:119,0
DA:120,0
DA:121,0
DA:122,0
DA:123,0
DA:124,0
DA:126,0
DA:128,0
DA:129,0
DA:130,0
DA:133,1
DA:134,0
LF:74
LH:15
FN:25,130,run
FNDA:0,run
FNF:1
FNH:0
end_of_record
SF:app\scripts\update_es_mapping.py
DA:13,0
DA:84,0
DA:95,0
DA:97,0
DA:98,0
DA:101,0
DA:103,0
DA:104,0
DA:105,0
DA:108,0
DA:114,0
DA:117,0
DA:129,0
DA:130,0
DA:131,0
DA:132,0
DA:133,0
DA:134,0
DA:135,0
DA:136,0
DA:137,0
DA:138,0
DA:141,0
DA:154,0
DA:155,0
DA:156,0
DA:158,0
DA:159,0
DA:162,0
DA:163,0
DA:168,0
DA:169,0
DA:170,0
DA:172,0
DA:175,0
DA:176,0
DA:181,0
DA:183,0
DA:185,0
DA:187,0
DA:190,0
DA:191,0
DA:193,0
DA:194,0
DA:195,0
LF:45
LH:0
FN:84,105,create_emails_v1_index
FNDA:0,create_emails_v1_index
FN:108,138,update_existing_index_mapping
FNDA:0,update_existing_index_mapping
FN:141,172,reindex_with_new_fields
FNDA:0,reindex_with_new_fields
FNF:3
FNH:0
end_of_record
SF:app\security\__init__.py
DA:2,1
DA:4,1
LF:2
LH:2
end_of_record
SF:app\security\analyzer.py
DA:2,1
DA:4,1
DA:5,1
DA:6,1
DA:7,1
DA:9,1
DA:10,1
DA:15,1
DA:16,1
DA:17,1
DA:18,1
DA:21,1
DA:22,1
DA:23,1
DA:24,1
DA:30,1
DA:31,1
DA:32,1
DA:33,1
DA:34,1
DA:35,1
DA:36,1
DA:37,1
DA:38,1
DA:39,1
DA:40,1
DA:41,1
DA:42,1
DA:43,1
DA:45,1
DA:48,1
DA:62,1
DA:74,1
DA:85,1
DA:91,1
DA:94,1
DA:95,1
DA:96,1
DA:98,1
DA:99,1
DA:100,1
DA:104,1
DA:105,0
DA:107,1
DA:108,0
DA:110,1
DA:111,0
DA:117,1
DA:118,1
DA:119,1
DA:120,1
DA:123,1
DA:127,1
DA:151,0
DA:152,0
DA:155,0
DA:158,0
DA:159,0
DA:166,0
DA:167,0
DA:174,0
DA:175,0
DA:184,0
DA:185,0
DA:186,0
DA:187,0
DA:195,0
DA:196,0
DA:205,0
DA:206,0
DA:215,0
DA:216,0
DA:217,0
DA:226,0
DA:227,0
DA:236,0
DA:237,0
DA:238,0
DA:240,0
DA:241,0
DA:242,0
DA:244,0
DA:245,0
DA:246,0
DA:247,0
DA:248,0
DA:253,0
DA:260,0
DA:261,0
DA:269,0
DA:270,0
DA:271,0
DA:272,0
DA:281,0
DA:282,0
DA:283,0
DA:284,0
DA:293,0
DA:294,0
DA:295,0
DA:296,0
DA:297,0
DA:304,0
DA:305,0
DA:306,0
DA:315,0
DA:316,0
DA:318,0
DA:324,1
DA:327,0
DA:328,0
DA:331,0
DA:332,0
DA:335,1
DA:336,0
DA:337,0
DA:338,0
DA:341,1
DA:344,1
DA:349,0
DA:350,0
DA:351,0
DA:352,0
DA:354,0
DA:358,0
DA:361,1
DA:363,0
DA:364,0
DA:366,0
DA:367,0
DA:368,0
DA:369,0
DA:370,0
DA:373,1
DA:374,0
DA:376,0
DA:377,0
DA:378,0
DA:379,0
LF:139
LH:56
FN:94,102,BlocklistProvider.__init__
FNDA:1,BlocklistProvider.__init__
FN:104,105,BlocklistProvider.is_blocked_host
FNDA:0,BlocklistProvider.is_blocked_host
FN:107,108,BlocklistProvider.is_blocked_hash
FNDA:0,BlocklistProvider.is_blocked_hash
FN:110,111,BlocklistProvider.is_trusted_domain
FNDA:0,BlocklistProvider.is_trusted_domain
FN:127,318,EmailRiskAnalyzer.analyze
FNDA:0,EmailRiskAnalyzer.analyze
FN:324,332,_auth_contains
FNDA:0,_auth_contains
FN:335,338,_domain_of
FNDA:0,_domain_of
FN:344,358,_looks_like_brand_mismatch
FNDA:0,_looks_like_brand_mismatch
FN:361,370,_is_punycode_or_homoglyph
FNDA:0,_is_punycode_or_homoglyph
FN:373,379,_host_of
FNDA:0,_host_of
FNF:10
FNH:1
end_of_record
SF:app\security\consent_log.py
DA:7,0
DA:8,0
DA:9,0
DA:10,0
DA:13,0
DA:15,0
DA:16,0
DA:17,0
DA:18,0
DA:19,0
DA:22,0
DA:24,0
DA:25,0
DA:26,0
DA:27,0
DA:30,0
DA:32,0
DA:33,0
DA:34,0
DA:35,0
DA:36,0
DA:37,0
DA:40,0
DA:42,0
DA:43,0
DA:44,0
DA:45,0
DA:46,0
DA:47,0
DA:48,0
DA:49,0
DA:50,0
DA:52,0
DA:53,0
DA:55,0
DA:56,0
DA:58,0
DA:59,0
DA:61,0
DA:64,0
DA:66,0
DA:67,0
DA:68,0
DA:69,0
DA:70,0
DA:71,0
DA:72,0
DA:73,0
DA:76,0
DA:78,0
DA:79,0
DA:81,0
DA:82,0
DA:85,0
DA:87,0
DA:88,0
DA:89,0
DA:90,0
DA:92,0
DA:94,0
DA:97,0
DA:106,0
DA:139,0
DA:140,0
DA:141,0
DA:142,0
DA:144,0
DA:167,0
DA:168,0
DA:169,0
DA:171,0
DA:182,0
DA:183,0
DA:185,0
DA:187,0
DA:189,0
DA:200,0
DA:201,0
DA:203,0
DA:204,0
DA:205,0
DA:206,0
DA:207,0
DA:208,0
DA:210,0
DA:212,0
DA:223,0
DA:224,0
DA:226,0
DA:227,0
DA:228,0
DA:230,0
DA:232,0
DA:234,0
DA:236,0
DA:253,0
DA:254,0
DA:256,0
DA:263,0
DA:265,0
DA:267,0
DA:286,0
DA:287,0
DA:288,0
DA:289,0
DA:290,0
DA:292,0
DA:293,0
DA:295,0
DA:297,0
DA:299,0
DA:301,0
DA:303,0
DA:305,0
DA:307,0
DA:318,0
DA:319,0
DA:320,0
DA:322,0
DA:323,0
DA:325,0
DA:327,0
DA:329,0
DA:330,0
DA:331,0
DA:332,0
DA:333,0
DA:334,0
DA:335,0
DA:336,0
DA:338,0
DA:339,0
DA:341,0
DA:353,0
DA:354,0
DA:356,0
DA:365,0
DA:366,0
DA:367,0
DA:368,0
DA:369,0
DA:371,0
DA:377,0
DA:378,0
DA:386,0
DA:390,0
DA:393,0
DA:396,0
DA:397,0
DA:398,0
LF:150
LH:0
FN:53,61,ConsentRecord.is_active
FNDA:0,ConsentRecord.is_active
FN:79,82,DataSubjectRequest.is_overdue
FNDA:0,DataSubjectRequest.is_overdue
FN:92,94,DataRetentionPolicy.get_deletion_date
FNDA:0,DataRetentionPolicy.get_deletion_date
FN:139,142,ConsentManager.__init__
FNDA:0,ConsentManager.__init__
FN:144,187,ConsentManager.grant_consent
FNDA:0,ConsentManager.grant_consent
FN:189,210,ConsentManager.withdraw_consent
FNDA:0,ConsentManager.withdraw_consent
FN:212,230,ConsentManager.check_consent
FNDA:0,ConsentManager.check_consent
FN:232,234,ConsentManager.get_user_consents
FNDA:0,ConsentManager.get_user_consents
FN:236,265,ConsentManager.submit_dsr_request
FNDA:0,ConsentManager.submit_dsr_request
FN:267,297,ConsentManager.process_dsr_request
FNDA:0,ConsentManager.process_dsr_request
FN:299,301,ConsentManager.get_overdue_requests
FNDA:0,ConsentManager.get_overdue_requests
FN:303,305,ConsentManager.get_retention_policy
FNDA:0,ConsentManager.get_retention_policy
FN:307,323,ConsentManager.should_delete
FNDA:0,ConsentManager.should_delete
FN:325,386,ConsentManager.generate_consent_report
FNDA:0,ConsentManager.generate_consent_report
FN:393,398,get_consent_manager
FNDA:0,get_consent_manager
FNF:15
FNH:0
end_of_record
SF:app\security\events.py
DA:8,1
DA:9,1
DA:12,1
DA:27,1
DA:28,1
DA:30,1
DA:35,0
DA:36,0
DA:37,0
DA:39,1
DA:41,0
DA:43,1
DA:50,0
DA:51,0
DA:52,0
DA:53,0
DA:55,0
DA:56,0
DA:58,0
DA:62,1
LF:20
LH:9
FN:27,28,SecurityEventBus.__init__
FNDA:1,SecurityEventBus.__init__
FN:30,37,SecurityEventBus.subscribe
FNDA:0,SecurityEventBus.subscribe
FN:39,41,SecurityEventBus.unsubscribe
FNDA:0,SecurityEventBus.unsubscribe
FN:43,58,SecurityEventBus.publish
FNDA:0,SecurityEventBus.publish
FNF:4
FNH:1
end_of_record
SF:app\security\pii_scan.py
DA:8,0
DA:9,0
DA:10,0
DA:11,0
DA:12,0
DA:15,0
DA:17,0
DA:18,0
DA:19,0
DA:20,0
DA:21,0
DA:22,0
DA:23,0
DA:24,0
DA:25,0
DA:26,0
DA:29,0
DA:31,0
DA:32,0
DA:33,0
DA:34,0
DA:35,0
DA:36,0
DA:39,0
DA:41,0
DA:42,0
DA:43,0
DA:44,0
DA:46,0
DA:47,0
DA:49,0
DA:51,0
DA:52,0
DA:54,0
DA:57,0
DA:65,0
DA:97,0
DA:110,0
DA:118,0
DA:119,0
DA:121,0
DA:123,0
DA:134,0
DA:135,0
DA:138,0
DA:139,0
DA:140,0
DA:142,0
DA:144,0
DA:145,0
DA:154,0
DA:157,0
DA:158,0
DA:159,0
DA:160,0
DA:166,0
DA:172,0
DA:183,0
DA:184,0
DA:186,0
DA:187,0
DA:188,0
DA:189,0
DA:190,0
DA:191,0
DA:192,0
DA:193,0
DA:194,0
DA:195,0
DA:196,0
DA:197,0
DA:198,0
DA:199,0
DA:200,0
DA:201,0
DA:203,0
DA:204,0
DA:206,0
DA:208,0
DA:210,0
DA:212,0
DA:213,0
DA:215,0
DA:218,0
DA:219,0
DA:220,0
DA:221,0
DA:223,0
DA:225,0
DA:231,0
DA:232,0
DA:234,0
DA:235,0
DA:236,0
DA:238,0
DA:239,0
DA:240,0
DA:242,0
DA:245,0
DA:252,0
DA:253,0
DA:254,0
DA:256,0
DA:266,0
DA:268,0
DA:269,0
DA:271,0
DA:273,0
DA:283,0
DA:285,0
DA:286,0
DA:288,0
DA:290,0
DA:292,0
DA:297,0
DA:299,0
DA:300,0
DA:301,0
DA:302,0
DA:303,0
DA:304,0
DA:305,0
DA:306,0
DA:309,0
DA:316,0
DA:317,0
DA:319,0
DA:330,0
DA:340,0
DA:342,0
DA:359,0
DA:360,0
DA:362,0
DA:367,0
DA:368,0
DA:370,0
DA:371,0
DA:373,0
DA:377,0
DA:378,0
DA:379,0
DA:382,0
DA:385,0
DA:386,0
DA:387,0
DA:390,0
DA:393,0
DA:394,0
DA:395,0
DA:398,0
DA:401,0
DA:402,0
DA:403,0
LF:153
LH:0
FN:47,49,PIIScanResult.has_pii
FNDA:0,PIIScanResult.has_pii
FN:52,54,PIIScanResult.pii_types_found
FNDA:0,PIIScanResult.pii_types_found
FN:110,121,PIIScanner.__init__
FNDA:0,PIIScanner.__init__
FN:123,170,PIIScanner.scan
FNDA:0,PIIScanner.scan
FN:172,208,PIIScanner.scan_dict
FNDA:0,PIIScanner.scan_dict
FN:210,223,PIIScanner._get_context
FNDA:0,PIIScanner._get_context
FN:225,242,PIIScanner.validate_luhn
FNDA:0,PIIScanner.validate_luhn
FN:231,232,PIIScanner.validate_luhn.digits_of
FNDA:0,PIIScanner.validate_luhn.digits_of
FN:252,254,PIIRedactor.__init__
FNDA:0,PIIRedactor.__init__
FN:256,271,PIIRedactor.redact_log_message
FNDA:0,PIIRedactor.redact_log_message
FN:273,288,PIIRedactor.redact_api_response
FNDA:0,PIIRedactor.redact_api_response
FN:290,294,PIIRedactor.get_stats
FNDA:0,PIIRedactor.get_stats
FN:316,317,PIIAccessTracker.__init__
FNDA:0,PIIAccessTracker.__init__
FN:319,340,PIIAccessTracker.log_access
FNDA:0,PIIAccessTracker.log_access
FN:342,373,PIIAccessTracker.get_access_logs
FNDA:0,PIIAccessTracker.get_access_logs
FN:382,387,get_pii_scanner
FNDA:0,get_pii_scanner
FN:390,395,get_pii_redactor
FNDA:0,get_pii_redactor
FN:398,403,get_pii_access_tracker
FNDA:0,get_pii_access_tracker
FNF:18
FNH:0
end_of_record
SF:app\seeds\__init__.py
end_of_record
SF:app\seeds\policies.py
DA:11,0
DA:13,0
DA:15,0
DA:82,0
DA:92,0
DA:94,0
DA:96,0
DA:97,0
DA:98,0
DA:99,0
DA:102,0
DA:103,0
DA:104,0
DA:105,0
DA:107,0
DA:108,0
DA:109,0
DA:112,0
DA:119,0
DA:120,0
DA:121,0
DA:124,0
DA:127,0
DA:129,0
DA:131,0
DA:132,0
DA:133,0
DA:135,0
LF:28
LH:0
FN:82,109,seed_policies
FNDA:0,seed_policies
FN:112,124,reset_policies
FNDA:0,reset_policies
FNF:2
FNH:0
end_of_record
SF:app\seeds\seed_emails.py
DA:1,0
DA:3,0
DA:4,0
DA:5,0
DA:8,0
DA:9,0
DA:10,0
DA:11,0
DA:45,0
DA:46,0
DA:47,0
DA:50,0
DA:51,0
DA:52,0
DA:53,0
DA:66,0
DA:67,0
DA:68,0
DA:71,0
DA:72,0
LF:20
LH:0
FN:8,68,run
FNDA:0,run
FNF:1
FNH:0
end_of_record
SF:app\settings.py
DA:1,1
DA:2,1
DA:4,1
DA:5,1
DA:8,1
DA:10,1
DA:11,1
DA:12,1
DA:13,1
DA:14,1
DA:17,1
DA:22,1
DA:23,1
DA:25,0
DA:28,1
DA:30,1
DA:31,1
DA:33,1
DA:34,1
DA:36,0
DA:41,1
DA:42,1
DA:43,1
DA:44,1
DA:47,1
DA:48,1
DA:49,1
DA:50,1
DA:51,1
DA:54,1
DA:55,1
DA:60,1
DA:61,1
DA:63,1
DA:64,1
DA:66,1
DA:69,1
DA:70,1
DA:71,1
DA:74,1
DA:75,1
DA:78,1
DA:79,1
DA:80,1
DA:81,1
DA:82,1
DA:85,1
DA:88,1
DA:89,1
DA:92,1
DA:95,1
DA:97,1
DA:98,1
DA:100,0
DA:102,1
DA:103,1
DA:105,0
DA:106,0
DA:107,0
DA:109,1
DA:110,1
DA:111,1
DA:114,1
LF:63
LH:57
FN:23,25,Settings.is_sqlite
FNDA:0,Settings.is_sqlite
FN:30,38,Settings.__init__
FNDA:1,Settings.__init__
FN:64,66,Settings.effective_redirect_uri
FNDA:1,Settings.effective_redirect_uri
FN:98,100,Settings.is_test_env
FNDA:0,Settings.is_test_env
FN:103,107,Settings.safe_es_url
FNDA:0,Settings.safe_es_url
FNF:5
FNH:2
end_of_record
SF:app\telemetry\metrics.py
DA:8,1
DA:11,1
DA:18,1
DA:25,1
DA:32,1
DA:39,1
DA:45,1
DA:51,1
DA:57,1
DA:63,1
DA:68,1
LF:11
LH:11
end_of_record
SF:app\tools\__init__.py
DA:3,0
LF:1
LH:0
end_of_record
SF:app\tools\bigquery.py
DA:7,0
DA:9,0
DA:11,0
DA:14,0
DA:17,0
DA:26,0
DA:30,0
DA:36,0
DA:38,0
DA:40,0
DA:42,0
DA:44,0
DA:45,0
DA:46,0
DA:47,0
DA:50,0
DA:57,0
DA:63,0
DA:65,0
DA:74,0
DA:75,0
DA:76,0
LF:22
LH:0
FN:17,36,_MockBQProvider.query
FNDA:0,_MockBQProvider.query
FN:38,40,_MockBQProvider.query_rows
FNDA:0,_MockBQProvider.query_rows
FN:42,47,_MockBQProvider.query_scalar
FNDA:0,_MockBQProvider.query_scalar
FN:57,63,BigQueryTool.__init__
FNDA:0,BigQueryTool.__init__
FN:65,76,BigQueryTool.query
FNDA:0,BigQueryTool.query
FNF:5
FNH:0
end_of_record
SF:app\tools\dbt.py
DA:7,0
DA:9,0
DA:11,0
DA:14,0
DA:17,0
DA:31,0
DA:32,0
DA:33,0
DA:35,0
DA:42,0
DA:49,0
DA:55,0
DA:57,0
DA:71,0
DA:72,0
DA:73,0
LF:16
LH:0
FN:17,39,_MockDbtProvider.run
FNDA:0,_MockDbtProvider.run
FN:49,55,DbtTool.__init__
FNDA:0,DbtTool.__init__
FN:57,73,DbtTool.run
FNDA:0,DbtTool.run
FNF:3
FNH:0
end_of_record
SF:app\tools\elasticsearch.py
DA:7,0
DA:9,0
DA:10,0
DA:12,0
DA:15,0
DA:25,0
DA:28,0
DA:31,0
DA:41,0
DA:63,0
DA:65,0
DA:67,0
DA:72,0
DA:74,0
DA:77,0
DA:84,0
DA:97,0
DA:98,0
DA:99,0
DA:101,0
DA:110,0
DA:111,0
DA:112,0
LF:23
LH:0
FN:15,25,require_env
FNDA:0,require_env
FN:31,63,_MockESProvider.search
FNDA:0,_MockESProvider.search
FN:65,70,_MockESProvider.aggregate_daily
FNDA:0,_MockESProvider.aggregate_daily
FN:72,74,_MockESProvider.latest_event_ts
FNDA:0,_MockESProvider.latest_event_ts
FN:84,99,ESTool.__init__
FNDA:0,ESTool.__init__
FN:101,112,ESTool.search
FNDA:0,ESTool.search
FNF:6
FNH:0
end_of_record
SF:app\tools\gmail.py
DA:7,0
DA:9,0
DA:12,0
DA:15,0
DA:24,0
DA:33,0
DA:36,0
DA:43,0
DA:49,0
DA:51,0
DA:60,0
DA:61,0
DA:62,0
LF:13
LH:0
FN:15,33,_MockGmailProvider.search_recent
FNDA:0,_MockGmailProvider.search_recent
FN:43,49,GmailTool.__init__
FNDA:0,GmailTool.__init__
FN:51,62,GmailTool.search_recent
FNDA:0,GmailTool.search_recent
FNF:3
FNH:0
end_of_record
SF:app\tracing.py
DA:10,1
DA:11,1
DA:13,1
DA:16,1
DA:27,1
DA:28,1
DA:29,1
DA:31,0
DA:32,0
DA:33,0
DA:36,0
DA:37,0
DA:38,0
DA:39,0
DA:40,0
DA:41,0
DA:44,0
DA:45,0
DA:54,0
DA:57,0
DA:60,0
DA:61,0
DA:62,0
DA:65,0
DA:68,0
DA:69,0
DA:72,0
DA:74,0
DA:75,0
DA:78,0
DA:79,0
DA:81,0
DA:85,0
DA:86,0
DA:87,0
DA:90,0
DA:91,0
LF:37
LH:7
FN:16,91,init_tracing
FNDA:1,init_tracing
FNF:1
FNH:1
end_of_record
SF:app\utils\__init__.py
end_of_record
SF:app\utils\approvals.py
DA:8,0
DA:11,0
DA:19,0
DA:20,0
DA:48,0
DA:51,0
DA:52,0
DA:53,0
DA:56,0
DA:57,0
DA:59,0
DA:62,0
DA:63,0
DA:64,0
DA:67,0
DA:68,0
DA:71,0
DA:72,0
DA:73,0
DA:77,0
DA:79,0
DA:80,0
DA:100,0
DA:107,0
DA:108,0
DA:126,0
DA:127,0
DA:129,0
DA:141,0
LF:29
LH:0
FN:20,77,Approvals.allow
FNDA:0,Approvals.allow
FN:80,105,Approvals.require_approval
FNDA:0,Approvals.require_approval
FN:108,137,Approvals.check_budget
FNDA:0,Approvals.check_budget
FNF:3
FNH:0
end_of_record
SF:app\utils\artifacts.py
DA:8,0
DA:9,0
DA:10,0
DA:11,0
DA:12,0
DA:15,0
DA:32,0
DA:39,0
DA:41,0
DA:47,0
DA:48,0
DA:50,0
DA:71,0
DA:72,0
DA:74,0
DA:77,0
DA:80,0
DA:81,0
DA:83,0
DA:85,0
DA:107,0
DA:108,0
DA:110,0
DA:124,0
DA:125,0
DA:127,0
DA:129,0
DA:130,0
DA:132,0
DA:151,0
DA:152,0
DA:154,0
DA:173,0
DA:174,0
DA:176,0
DA:178,0
DA:179,0
DA:181,0
DA:182,0
DA:188,0
DA:199,0
DA:200,0
DA:202,0
DA:204,0
DA:205,0
DA:206,0
DA:207,0
DA:209,0
DA:233,0
DA:234,0
DA:236,0
DA:237,0
DA:238,0
DA:240,0
DA:262,0
DA:263,0
DA:264,0
DA:265,0
DA:269,0
LF:59
LH:0
FN:32,48,ArtifactsStore.__init__
FNDA:0,ArtifactsStore.__init__
FN:50,83,ArtifactsStore.write
FNDA:0,ArtifactsStore.write
FN:85,108,ArtifactsStore.write_json
FNDA:0,ArtifactsStore.write_json
FN:110,130,ArtifactsStore.read
FNDA:0,ArtifactsStore.read
FN:132,152,ArtifactsStore.read_json
FNDA:0,ArtifactsStore.read_json
FN:154,186,ArtifactsStore.list_files
FNDA:0,ArtifactsStore.list_files
FN:188,207,ArtifactsStore.delete
FNDA:0,ArtifactsStore.delete
FN:209,238,ArtifactsStore.get_timestamped_path
FNDA:0,ArtifactsStore.get_timestamped_path
FN:240,265,ArtifactsStore.get_weekly_path
FNDA:0,ArtifactsStore.get_weekly_path
FNF:9
FNH:0
end_of_record
SF:app\utils\cache.py
DA:8,1
DA:9,1
DA:10,1
DA:12,1
DA:13,1
DA:15,0
DA:16,1
DA:17,1
DA:18,1
DA:20,1
DA:23,1
DA:30,0
DA:31,0
DA:33,0
DA:34,0
DA:36,0
DA:37,0
DA:38,0
DA:40,0
DA:41,0
DA:43,0
DA:44,0
DA:45,0
DA:46,0
DA:49,1
DA:59,0
DA:60,0
DA:61,0
DA:63,0
DA:64,0
DA:65,0
DA:66,0
DA:67,0
DA:70,1
DA:79,0
DA:80,0
DA:81,0
DA:83,0
DA:84,0
DA:85,0
DA:87,0
DA:90,1
DA:97,0
DA:98,0
DA:99,0
DA:101,0
DA:102,0
DA:103,0
DA:104,0
DA:107,1
DA:131,0
DA:132,0
DA:133,0
DA:136,0
DA:139,0
DA:141,0
LF:56
LH:14
FN:23,46,get_redis
FNDA:0,get_redis
FN:49,67,cache_get
FNDA:0,cache_get
FN:70,87,cache_set
FNDA:0,cache_set
FN:90,104,cache_delete
FNDA:0,cache_delete
FN:107,141,cache_json
FNDA:0,cache_json
FNF:5
FNH:0
end_of_record
SF:app\utils\es_applications.py
DA:6,1
DA:7,1
DA:8,1
DA:10,1
DA:13,1
DA:15,0
DA:18,1
DA:20,0
DA:21,0
DA:23,0
DA:27,0
DA:28,0
DA:30,0
DA:31,0
DA:32,0
DA:33,0
DA:36,1
DA:49,0
DA:50,0
DA:51,0
DA:53,0
DA:54,0
DA:56,0
DA:60,0
DA:61,0
DA:63,0
DA:64,0
DA:67,0
DA:79,0
DA:81,0
DA:82,0
DA:85,1
DA:94,0
DA:95,0
DA:96,0
DA:98,0
DA:99,0
DA:101,0
DA:105,0
DA:106,0
DA:108,0
DA:109,0
DA:112,0
DA:131,0
DA:138,0
DA:140,0
DA:141,0
DA:144,1
DA:151,0
DA:152,0
DA:153,0
DA:155,0
DA:156,0
DA:158,0
DA:162,0
DA:163,0
DA:165,0
DA:166,0
DA:169,0
DA:176,0
DA:178,0
DA:179,0
DA:182,1
DA:189,0
LF:64
LH:10
FN:13,15,get_es_applications_index
FNDA:0,get_es_applications_index
FN:18,33,es_available
FNDA:0,es_available
FN:36,82,es_tombstone_application
FNDA:0,es_tombstone_application
FN:85,141,es_upsert_application
FNDA:0,es_upsert_application
FN:144,179,es_delete_application
FNDA:0,es_delete_application
FN:182,206,ensure_archived_excluded_from_search
FNDA:0,ensure_archived_excluded_from_search
FNF:6
FNH:0
end_of_record
SF:app\utils\schema_guard.py
DA:17,1
DA:19,1
DA:21,1
DA:24,1
DA:31,0
DA:32,0
DA:33,0
DA:34,0
DA:35,0
DA:36,0
DA:37,0
DA:38,0
DA:41,1
DA:51,0
DA:52,0
DA:53,0
DA:54,0
DA:55,0
DA:56,0
DA:57,0
DA:60,1
DA:77,0
DA:79,0
DA:80,0
DA:87,0
DA:88,0
DA:92,0
DA:93,0
DA:94,0
DA:104,0
DA:106,0
DA:109,1
DA:124,0
DA:125,0
DA:126,0
DA:127,0
DA:129,0
DA:130,0
DA:138,0
DA:141,1
DA:147,0
DA:152,0
DA:153,0
DA:154,0
DA:155,0
DA:156,0
DA:160,0
DA:161,0
DA:163,0
DA:166,1
DA:167,0
DA:169,0
DA:170,0
DA:172,0
DA:174,0
DA:175,0
DA:176,0
DA:178,0
DA:179,0
DA:180,0
DA:181,0
DA:182,0
DA:184,0
DA:185,0
LF:64
LH:9
FN:24,38,get_current_migration
FNDA:0,get_current_migration
FN:41,57,check_column_exists
FNDA:0,check_column_exists
FN:60,106,require_min_migration
FNDA:0,require_min_migration
FN:109,138,require_columns
FNDA:0,require_columns
FN:141,163,get_migration_info
FNDA:0,get_migration_info
FNF:5
FNH:0
end_of_record
SF:app\utils\signing.py
DA:4,0
DA:5,0
DA:6,0
DA:7,0
DA:8,0
DA:11,0
DA:28,0
DA:36,0
DA:37,0
DA:43,0
DA:45,0
DA:48,0
DA:63,0
DA:64,0
DA:65,0
DA:66,0
DA:67,0
DA:68,0
DA:71,0
DA:72,0
DA:73,0
DA:74,0
DA:75,0
DA:76,0
DA:79,0
DA:80,0
DA:86,0
DA:88,0
DA:89,0
DA:91,0
DA:94,0
DA:105,0
DA:106,0
DA:111,0
DA:114,0
DA:130,0
DA:131,0
LF:37
LH:0
FN:11,45,sign_bundle
FNDA:0,sign_bundle
FN:48,91,verify_bundle
FNDA:0,verify_bundle
FN:94,111,sign_payload
FNDA:0,sign_payload
FN:114,131,verify_payload
FNDA:0,verify_payload
FNF:4
FNH:0
end_of_record
